[0.238s] DEBUG:colcon:Command line arguments: ['/usr/bin/colcon', 'build', '--symlink-install']
[0.238s] DEBUG:colcon:Parsed command line arguments: Namespace(allow_overriding=[], ament_cmake_args=None, base_paths=['.'], build_base='build', catkin_cmake_args=None, catkin_skip_building_tests=False, cmake_args=None, cmake_clean_cache=False, cmake_clean_first=False, cmake_force_configure=False, cmake_target=None, cmake_target_skip_unavailable=False, continue_on_error=False, event_handlers=None, executor='parallel', ignore_user_meta=False, install_base='install', log_base=None, log_level=None, main=<bound method BuildVerb.main of <colcon_core.verb.build.BuildVerb object at 0x7f46d9b66e20>>, merge_install=False, metas=['./colcon.meta'], packages_above=None, packages_above_and_dependencies=None, packages_above_depth=None, packages_end=None, packages_ignore=None, packages_ignore_regex=None, packages_select=None, packages_select_build_failed=False, packages_select_by_dep=None, packages_select_regex=None, packages_select_test_failures=False, packages_skip=None, packages_skip_build_finished=False, packages_skip_by_dep=None, packages_skip_regex=None, packages_skip_test_passed=False, packages_skip_up_to=None, packages_start=None, packages_up_to=None, packages_up_to_regex=None, parallel_workers=2, paths=None, symlink_install=True, test_result_base=None, verb_extension=<colcon_core.verb.build.BuildVerb object at 0x7f46d9b66e20>, verb_name='build', verb_parser=<colcon_defaults.argument_parser.defaults.DefaultArgumentsDecorator object at 0x7f46d9b703d0>)
[0.272s] Level 1:colcon.colcon_core.package_discovery:discover_packages(colcon_meta) check parameters
[0.272s] Level 1:colcon.colcon_core.package_discovery:discover_packages(recursive) check parameters
[0.272s] Level 1:colcon.colcon_core.package_discovery:discover_packages(ignore) check parameters
[0.272s] Level 1:colcon.colcon_core.package_discovery:discover_packages(path) check parameters
[0.272s] Level 1:colcon.colcon_core.package_discovery:discover_packages(colcon_meta) discover
[0.272s] Level 1:colcon.colcon_core.package_discovery:discover_packages(recursive) discover
[0.272s] INFO:colcon.colcon_core.package_discovery:Crawling recursively for packages in '/home/aa/robot_ws'
[0.272s] Level 1:colcon.colcon_core.package_identification:_identify(.) by extensions ['ignore', 'ignore_ament_install']
[0.273s] Level 1:colcon.colcon_core.package_identification:_identify(.) by extension 'ignore'
[0.273s] Level 1:colcon.colcon_core.package_identification:_identify(.) by extension 'ignore_ament_install'
[0.273s] Level 1:colcon.colcon_core.package_identification:_identify(.) by extensions ['colcon_pkg']
[0.273s] Level 1:colcon.colcon_core.package_identification:_identify(.) by extension 'colcon_pkg'
[0.273s] Level 1:colcon.colcon_core.package_identification:_identify(.) by extensions ['colcon_meta']
[0.273s] Level 1:colcon.colcon_core.package_identification:_identify(.) by extension 'colcon_meta'
[0.273s] Level 1:colcon.colcon_core.package_identification:_identify(.) by extensions ['ros']
[0.273s] Level 1:colcon.colcon_core.package_identification:_identify(.) by extension 'ros'
[0.295s] Level 1:colcon.colcon_core.package_identification:_identify(.) by extensions ['cmake', 'python']
[0.295s] Level 1:colcon.colcon_core.package_identification:_identify(.) by extension 'cmake'
[0.295s] Level 1:colcon.colcon_core.package_identification:_identify(.) by extension 'python'
[0.295s] Level 1:colcon.colcon_core.package_identification:_identify(.) by extensions ['python_setup_py']
[0.295s] Level 1:colcon.colcon_core.package_identification:_identify(.) by extension 'python_setup_py'
[0.295s] Level 1:colcon.colcon_core.package_identification:_identify(build) by extensions ['ignore', 'ignore_ament_install']
[0.296s] Level 1:colcon.colcon_core.package_identification:_identify(build) by extension 'ignore'
[0.296s] Level 1:colcon.colcon_core.package_identification:_identify(build) ignored
[0.296s] Level 1:colcon.colcon_core.package_identification:_identify(install) by extensions ['ignore', 'ignore_ament_install']
[0.296s] Level 1:colcon.colcon_core.package_identification:_identify(install) by extension 'ignore'
[0.296s] Level 1:colcon.colcon_core.package_identification:_identify(install) ignored
[0.296s] Level 1:colcon.colcon_core.package_identification:_identify(log) by extensions ['ignore', 'ignore_ament_install']
[0.296s] Level 1:colcon.colcon_core.package_identification:_identify(log) by extension 'ignore'
[0.297s] Level 1:colcon.colcon_core.package_identification:_identify(log) ignored
[0.297s] Level 1:colcon.colcon_core.package_identification:_identify(src) by extensions ['ignore', 'ignore_ament_install']
[0.297s] Level 1:colcon.colcon_core.package_identification:_identify(src) by extension 'ignore'
[0.297s] Level 1:colcon.colcon_core.package_identification:_identify(src) by extension 'ignore_ament_install'
[0.297s] Level 1:colcon.colcon_core.package_identification:_identify(src) by extensions ['colcon_pkg']
[0.297s] Level 1:colcon.colcon_core.package_identification:_identify(src) by extension 'colcon_pkg'
[0.297s] Level 1:colcon.colcon_core.package_identification:_identify(src) by extensions ['colcon_meta']
[0.297s] Level 1:colcon.colcon_core.package_identification:_identify(src) by extension 'colcon_meta'
[0.297s] Level 1:colcon.colcon_core.package_identification:_identify(src) by extensions ['ros']
[0.298s] Level 1:colcon.colcon_core.package_identification:_identify(src) by extension 'ros'
[0.298s] Level 1:colcon.colcon_core.package_identification:_identify(src) by extensions ['cmake', 'python']
[0.298s] Level 1:colcon.colcon_core.package_identification:_identify(src) by extension 'cmake'
[0.298s] Level 1:colcon.colcon_core.package_identification:_identify(src) by extension 'python'
[0.298s] Level 1:colcon.colcon_core.package_identification:_identify(src) by extensions ['python_setup_py']
[0.298s] Level 1:colcon.colcon_core.package_identification:_identify(src) by extension 'python_setup_py'
[0.298s] Level 1:colcon.colcon_core.package_identification:_identify(src/m_pubsub) by extensions ['ignore', 'ignore_ament_install']
[0.298s] Level 1:colcon.colcon_core.package_identification:_identify(src/m_pubsub) by extension 'ignore'
[0.299s] Level 1:colcon.colcon_core.package_identification:_identify(src/m_pubsub) by extension 'ignore_ament_install'
[0.299s] Level 1:colcon.colcon_core.package_identification:_identify(src/m_pubsub) by extensions ['colcon_pkg']
[0.299s] Level 1:colcon.colcon_core.package_identification:_identify(src/m_pubsub) by extension 'colcon_pkg'
[0.299s] Level 1:colcon.colcon_core.package_identification:_identify(src/m_pubsub) by extensions ['colcon_meta']
[0.299s] Level 1:colcon.colcon_core.package_identification:_identify(src/m_pubsub) by extension 'colcon_meta'
[0.299s] Level 1:colcon.colcon_core.package_identification:_identify(src/m_pubsub) by extensions ['ros']
[0.299s] Level 1:colcon.colcon_core.package_identification:_identify(src/m_pubsub) by extension 'ros'
[0.302s] DEBUG:colcon.colcon_core.package_identification:Package 'src/m_pubsub' with type 'ros.ament_python' and name 'm_pubsub'
[0.302s] Level 1:colcon.colcon_core.package_identification:_identify(src/move_turtle_pkg) by extensions ['ignore', 'ignore_ament_install']
[0.302s] Level 1:colcon.colcon_core.package_identification:_identify(src/move_turtle_pkg) by extension 'ignore'
[0.303s] Level 1:colcon.colcon_core.package_identification:_identify(src/move_turtle_pkg) by extension 'ignore_ament_install'
[0.303s] Level 1:colcon.colcon_core.package_identification:_identify(src/move_turtle_pkg) by extensions ['colcon_pkg']
[0.303s] Level 1:colcon.colcon_core.package_identification:_identify(src/move_turtle_pkg) by extension 'colcon_pkg'
[0.303s] Level 1:colcon.colcon_core.package_identification:_identify(src/move_turtle_pkg) by extensions ['colcon_meta']
[0.303s] Level 1:colcon.colcon_core.package_identification:_identify(src/move_turtle_pkg) by extension 'colcon_meta'
[0.303s] Level 1:colcon.colcon_core.package_identification:_identify(src/move_turtle_pkg) by extensions ['ros']
[0.303s] Level 1:colcon.colcon_core.package_identification:_identify(src/move_turtle_pkg) by extension 'ros'
[0.304s] DEBUG:colcon.colcon_core.package_identification:Package 'src/move_turtle_pkg' with type 'ros.ament_python' and name 'move_turtle_pkg'
[0.304s] Level 1:colcon.colcon_core.package_identification:_identify(src/test_interfaces) by extensions ['ignore', 'ignore_ament_install']
[0.304s] Level 1:colcon.colcon_core.package_identification:_identify(src/test_interfaces) by extension 'ignore'
[0.305s] Level 1:colcon.colcon_core.package_identification:_identify(src/test_interfaces) by extension 'ignore_ament_install'
[0.305s] Level 1:colcon.colcon_core.package_identification:_identify(src/test_interfaces) by extensions ['colcon_pkg']
[0.305s] Level 1:colcon.colcon_core.package_identification:_identify(src/test_interfaces) by extension 'colcon_pkg'
[0.305s] Level 1:colcon.colcon_core.package_identification:_identify(src/test_interfaces) by extensions ['colcon_meta']
[0.305s] Level 1:colcon.colcon_core.package_identification:_identify(src/test_interfaces) by extension 'colcon_meta'
[0.305s] Level 1:colcon.colcon_core.package_identification:_identify(src/test_interfaces) by extensions ['ros']
[0.305s] Level 1:colcon.colcon_core.package_identification:_identify(src/test_interfaces) by extension 'ros'
[0.306s] DEBUG:colcon.colcon_core.package_identification:Package 'src/test_interfaces' with type 'ros.ament_cmake' and name 'test_interfaces'
[0.306s] Level 1:colcon.colcon_core.package_identification:_identify(src/test_num) by extensions ['ignore', 'ignore_ament_install']
[0.306s] Level 1:colcon.colcon_core.package_identification:_identify(src/test_num) by extension 'ignore'
[0.306s] Level 1:colcon.colcon_core.package_identification:_identify(src/test_num) by extension 'ignore_ament_install'
[0.306s] Level 1:colcon.colcon_core.package_identification:_identify(src/test_num) by extensions ['colcon_pkg']
[0.307s] Level 1:colcon.colcon_core.package_identification:_identify(src/test_num) by extension 'colcon_pkg'
[0.307s] Level 1:colcon.colcon_core.package_identification:_identify(src/test_num) by extensions ['colcon_meta']
[0.307s] Level 1:colcon.colcon_core.package_identification:_identify(src/test_num) by extension 'colcon_meta'
[0.307s] Level 1:colcon.colcon_core.package_identification:_identify(src/test_num) by extensions ['ros']
[0.307s] Level 1:colcon.colcon_core.package_identification:_identify(src/test_num) by extension 'ros'
[0.308s] DEBUG:colcon.colcon_core.package_identification:Package 'src/test_num' with type 'ros.ament_python' and name 'test_num'
[0.309s] Level 1:colcon.colcon_core.package_discovery:discover_packages(recursive) using defaults
[0.309s] Level 1:colcon.colcon_core.package_discovery:discover_packages(ignore) discover
[0.309s] Level 1:colcon.colcon_core.package_discovery:discover_packages(ignore) using defaults
[0.309s] Level 1:colcon.colcon_core.package_discovery:discover_packages(path) discover
[0.309s] Level 1:colcon.colcon_core.package_discovery:discover_packages(path) using defaults
[0.343s] Level 1:colcon.colcon_core.package_discovery:discover_packages(prefix_path) check parameters
[0.343s] Level 1:colcon.colcon_core.package_discovery:discover_packages(prefix_path) discover
[0.348s] DEBUG:colcon.colcon_installed_package_information.package_discovery:Found 5 installed packages in /home/aa/robot_ws/install
[0.351s] DEBUG:colcon.colcon_installed_package_information.package_discovery:Found 258 installed packages in /opt/ros/foxy
[0.352s] Level 1:colcon.colcon_core.package_discovery:discover_packages(prefix_path) using defaults
[0.444s] Level 5:colcon.colcon_core.verb:set package 'm_pubsub' build argument 'cmake_args' from command line to 'None'
[0.444s] Level 5:colcon.colcon_core.verb:set package 'm_pubsub' build argument 'cmake_target' from command line to 'None'
[0.444s] Level 5:colcon.colcon_core.verb:set package 'm_pubsub' build argument 'cmake_target_skip_unavailable' from command line to 'False'
[0.444s] Level 5:colcon.colcon_core.verb:set package 'm_pubsub' build argument 'cmake_clean_cache' from command line to 'False'
[0.444s] Level 5:colcon.colcon_core.verb:set package 'm_pubsub' build argument 'cmake_clean_first' from command line to 'False'
[0.444s] Level 5:colcon.colcon_core.verb:set package 'm_pubsub' build argument 'cmake_force_configure' from command line to 'False'
[0.444s] Level 5:colcon.colcon_core.verb:set package 'm_pubsub' build argument 'ament_cmake_args' from command line to 'None'
[0.444s] Level 5:colcon.colcon_core.verb:set package 'm_pubsub' build argument 'catkin_cmake_args' from command line to 'None'
[0.444s] Level 5:colcon.colcon_core.verb:set package 'm_pubsub' build argument 'catkin_skip_building_tests' from command line to 'False'
[0.444s] DEBUG:colcon.colcon_core.verb:Building package 'm_pubsub' with the following arguments: {'ament_cmake_args': None, 'build_base': '/home/aa/robot_ws/build/m_pubsub', 'catkin_cmake_args': None, 'catkin_skip_building_tests': False, 'cmake_args': None, 'cmake_clean_cache': False, 'cmake_clean_first': False, 'cmake_force_configure': False, 'cmake_target': None, 'cmake_target_skip_unavailable': False, 'install_base': '/home/aa/robot_ws/install/m_pubsub', 'merge_install': False, 'path': '/home/aa/robot_ws/src/m_pubsub', 'symlink_install': True, 'test_result_base': None}
[0.446s] Level 5:colcon.colcon_core.verb:set package 'move_turtle_pkg' build argument 'cmake_args' from command line to 'None'
[0.447s] Level 5:colcon.colcon_core.verb:set package 'move_turtle_pkg' build argument 'cmake_target' from command line to 'None'
[0.447s] Level 5:colcon.colcon_core.verb:set package 'move_turtle_pkg' build argument 'cmake_target_skip_unavailable' from command line to 'False'
[0.447s] Level 5:colcon.colcon_core.verb:set package 'move_turtle_pkg' build argument 'cmake_clean_cache' from command line to 'False'
[0.447s] Level 5:colcon.colcon_core.verb:set package 'move_turtle_pkg' build argument 'cmake_clean_first' from command line to 'False'
[0.447s] Level 5:colcon.colcon_core.verb:set package 'move_turtle_pkg' build argument 'cmake_force_configure' from command line to 'False'
[0.447s] Level 5:colcon.colcon_core.verb:set package 'move_turtle_pkg' build argument 'ament_cmake_args' from command line to 'None'
[0.447s] Level 5:colcon.colcon_core.verb:set package 'move_turtle_pkg' build argument 'catkin_cmake_args' from command line to 'None'
[0.447s] Level 5:colcon.colcon_core.verb:set package 'move_turtle_pkg' build argument 'catkin_skip_building_tests' from command line to 'False'
[0.447s] DEBUG:colcon.colcon_core.verb:Building package 'move_turtle_pkg' with the following arguments: {'ament_cmake_args': None, 'build_base': '/home/aa/robot_ws/build/move_turtle_pkg', 'catkin_cmake_args': None, 'catkin_skip_building_tests': False, 'cmake_args': None, 'cmake_clean_cache': False, 'cmake_clean_first': False, 'cmake_force_configure': False, 'cmake_target': None, 'cmake_target_skip_unavailable': False, 'install_base': '/home/aa/robot_ws/install/move_turtle_pkg', 'merge_install': False, 'path': '/home/aa/robot_ws/src/move_turtle_pkg', 'symlink_install': True, 'test_result_base': None}
[0.449s] Level 5:colcon.colcon_core.verb:set package 'test_interfaces' build argument 'cmake_args' from command line to 'None'
[0.449s] Level 5:colcon.colcon_core.verb:set package 'test_interfaces' build argument 'cmake_target' from command line to 'None'
[0.449s] Level 5:colcon.colcon_core.verb:set package 'test_interfaces' build argument 'cmake_target_skip_unavailable' from command line to 'False'
[0.449s] Level 5:colcon.colcon_core.verb:set package 'test_interfaces' build argument 'cmake_clean_cache' from command line to 'False'
[0.449s] Level 5:colcon.colcon_core.verb:set package 'test_interfaces' build argument 'cmake_clean_first' from command line to 'False'
[0.449s] Level 5:colcon.colcon_core.verb:set package 'test_interfaces' build argument 'cmake_force_configure' from command line to 'False'
[0.449s] Level 5:colcon.colcon_core.verb:set package 'test_interfaces' build argument 'ament_cmake_args' from command line to 'None'
[0.450s] Level 5:colcon.colcon_core.verb:set package 'test_interfaces' build argument 'catkin_cmake_args' from command line to 'None'
[0.450s] Level 5:colcon.colcon_core.verb:set package 'test_interfaces' build argument 'catkin_skip_building_tests' from command line to 'False'
[0.450s] DEBUG:colcon.colcon_core.verb:Building package 'test_interfaces' with the following arguments: {'ament_cmake_args': None, 'build_base': '/home/aa/robot_ws/build/test_interfaces', 'catkin_cmake_args': None, 'catkin_skip_building_tests': False, 'cmake_args': None, 'cmake_clean_cache': False, 'cmake_clean_first': False, 'cmake_force_configure': False, 'cmake_target': None, 'cmake_target_skip_unavailable': False, 'install_base': '/home/aa/robot_ws/install/test_interfaces', 'merge_install': False, 'path': '/home/aa/robot_ws/src/test_interfaces', 'symlink_install': True, 'test_result_base': None}
[0.452s] Level 5:colcon.colcon_core.verb:set package 'test_num' build argument 'cmake_args' from command line to 'None'
[0.452s] Level 5:colcon.colcon_core.verb:set package 'test_num' build argument 'cmake_target' from command line to 'None'
[0.452s] Level 5:colcon.colcon_core.verb:set package 'test_num' build argument 'cmake_target_skip_unavailable' from command line to 'False'
[0.452s] Level 5:colcon.colcon_core.verb:set package 'test_num' build argument 'cmake_clean_cache' from command line to 'False'
[0.452s] Level 5:colcon.colcon_core.verb:set package 'test_num' build argument 'cmake_clean_first' from command line to 'False'
[0.452s] Level 5:colcon.colcon_core.verb:set package 'test_num' build argument 'cmake_force_configure' from command line to 'False'
[0.452s] Level 5:colcon.colcon_core.verb:set package 'test_num' build argument 'ament_cmake_args' from command line to 'None'
[0.452s] Level 5:colcon.colcon_core.verb:set package 'test_num' build argument 'catkin_cmake_args' from command line to 'None'
[0.452s] Level 5:colcon.colcon_core.verb:set package 'test_num' build argument 'catkin_skip_building_tests' from command line to 'False'
[0.452s] DEBUG:colcon.colcon_core.verb:Building package 'test_num' with the following arguments: {'ament_cmake_args': None, 'build_base': '/home/aa/robot_ws/build/test_num', 'catkin_cmake_args': None, 'catkin_skip_building_tests': False, 'cmake_args': None, 'cmake_clean_cache': False, 'cmake_clean_first': False, 'cmake_force_configure': False, 'cmake_target': None, 'cmake_target_skip_unavailable': False, 'install_base': '/home/aa/robot_ws/install/test_num', 'merge_install': False, 'path': '/home/aa/robot_ws/src/test_num', 'symlink_install': True, 'test_result_base': None}
[0.454s] INFO:colcon.colcon_core.executor:Executing jobs using 'parallel' executor
[0.465s] DEBUG:colcon.colcon_parallel_executor.executor.parallel:run_until_complete
[0.465s] INFO:colcon.colcon_ros.task.ament_python.build:Building ROS package in '/home/aa/robot_ws/src/m_pubsub' with build type 'ament_python'
[0.465s] Level 1:colcon.colcon_core.shell:create_environment_hook('m_pubsub', 'ament_prefix_path')
[0.473s] INFO:colcon.colcon_core.plugin_system:Skipping extension 'colcon_core.shell.bat': Not used on non-Windows systems
[0.473s] INFO:colcon.colcon_core.shell:Creating environment hook '/home/aa/robot_ws/install/m_pubsub/share/m_pubsub/hook/ament_prefix_path.ps1'
[0.474s] INFO:colcon.colcon_core.shell:Creating environment descriptor '/home/aa/robot_ws/install/m_pubsub/share/m_pubsub/hook/ament_prefix_path.dsv'
[0.475s] INFO:colcon.colcon_core.shell:Creating environment hook '/home/aa/robot_ws/install/m_pubsub/share/m_pubsub/hook/ament_prefix_path.sh'
[0.479s] INFO:colcon.colcon_core.shell:Skip shell extension 'powershell' for command environment: Not usable outside of PowerShell
[0.479s] DEBUG:colcon.colcon_core.shell:Skip shell extension 'dsv' for command environment
[0.490s] INFO:colcon.colcon_ros.task.ament_python.build:Building ROS package in '/home/aa/robot_ws/src/move_turtle_pkg' with build type 'ament_python'
[0.490s] Level 1:colcon.colcon_core.shell:create_environment_hook('move_turtle_pkg', 'ament_prefix_path')
[0.494s] INFO:colcon.colcon_core.shell:Creating environment hook '/home/aa/robot_ws/install/move_turtle_pkg/share/move_turtle_pkg/hook/ament_prefix_path.ps1'
[0.496s] INFO:colcon.colcon_core.shell:Creating environment descriptor '/home/aa/robot_ws/install/move_turtle_pkg/share/move_turtle_pkg/hook/ament_prefix_path.dsv'
[0.497s] INFO:colcon.colcon_core.shell:Creating environment hook '/home/aa/robot_ws/install/move_turtle_pkg/share/move_turtle_pkg/hook/ament_prefix_path.sh'
[0.501s] INFO:colcon.colcon_core.shell:Skip shell extension 'powershell' for command environment: Not usable outside of PowerShell
[0.501s] DEBUG:colcon.colcon_core.shell:Skip shell extension 'dsv' for command environment
[0.803s] INFO:colcon.colcon_core.task.python.build:Building Python package in '/home/aa/robot_ws/src/m_pubsub'
[0.808s] INFO:colcon.colcon_core.shell:Skip shell extension 'powershell' for command environment: Not usable outside of PowerShell
[0.808s] DEBUG:colcon.colcon_core.shell:Skip shell extension 'dsv' for command environment
[1.116s] INFO:colcon.colcon_core.task.python.build:Building Python package in '/home/aa/robot_ws/src/move_turtle_pkg'
[1.120s] INFO:colcon.colcon_core.shell:Skip shell extension 'powershell' for command environment: Not usable outside of PowerShell
[1.120s] DEBUG:colcon.colcon_core.shell:Skip shell extension 'dsv' for command environment
[1.675s] DEBUG:colcon.colcon_core.event_handler.log_command:Invoking command in '/home/aa/robot_ws/build/m_pubsub': PYTHONPATH=/home/aa/robot_ws/build/m_pubsub/prefix_override:/home/aa/robot_ws/install/m_pubsub/lib/python3.8/site-packages:${PYTHONPATH} /usr/bin/python3 setup.py develop --editable --build-directory /home/aa/robot_ws/build/m_pubsub/build --no-deps install_data
[1.743s] DEBUG:colcon.colcon_core.event_handler.log_command:Invoking command in '/home/aa/robot_ws/build/move_turtle_pkg': PYTHONPATH=/home/aa/robot_ws/build/move_turtle_pkg/prefix_override:/home/aa/robot_ws/install/move_turtle_pkg/lib/python3.8/site-packages:${PYTHONPATH} /usr/bin/python3 setup.py develop --editable --build-directory /home/aa/robot_ws/build/move_turtle_pkg/build --no-deps install_data
[2.329s] Level 1:colcon.colcon_core.shell:create_environment_hook('m_pubsub', 'pythonpath_develop')
[2.333s] INFO:colcon.colcon_core.shell:Creating environment hook '/home/aa/robot_ws/build/m_pubsub/share/m_pubsub/hook/pythonpath_develop.ps1'
[2.335s] DEBUG:colcon.colcon_core.event_handler.log_command:Invoked command in '/home/aa/robot_ws/build/m_pubsub' returned '0': PYTHONPATH=/home/aa/robot_ws/build/m_pubsub/prefix_override:/home/aa/robot_ws/install/m_pubsub/lib/python3.8/site-packages:${PYTHONPATH} /usr/bin/python3 setup.py develop --editable --build-directory /home/aa/robot_ws/build/m_pubsub/build --no-deps install_data
[2.337s] INFO:colcon.colcon_core.shell:Creating environment descriptor '/home/aa/robot_ws/build/m_pubsub/share/m_pubsub/hook/pythonpath_develop.dsv'
[2.337s] INFO:colcon.colcon_core.shell:Creating environment hook '/home/aa/robot_ws/build/m_pubsub/share/m_pubsub/hook/pythonpath_develop.sh'
[2.350s] Level 1:colcon.colcon_core.environment:checking '/home/aa/robot_ws/install/m_pubsub' for CMake module files
[2.351s] Level 1:colcon.colcon_core.environment:checking '/home/aa/robot_ws/install/m_pubsub' for CMake config files
[2.352s] Level 1:colcon.colcon_core.environment:checking '/home/aa/robot_ws/install/m_pubsub/lib'
[2.352s] Level 1:colcon.colcon_core.environment:checking '/home/aa/robot_ws/install/m_pubsub/bin'
[2.352s] Level 1:colcon.colcon_core.environment:checking '/home/aa/robot_ws/install/m_pubsub/lib/pkgconfig/m_pubsub.pc'
[2.353s] Level 1:colcon.colcon_core.environment:checking '/home/aa/robot_ws/install/m_pubsub/lib/python3.8/site-packages'
[2.353s] Level 1:colcon.colcon_core.shell:create_environment_hook('m_pubsub', 'pythonpath')
[2.357s] INFO:colcon.colcon_core.shell:Creating environment hook '/home/aa/robot_ws/install/m_pubsub/share/m_pubsub/hook/pythonpath.ps1'
[2.358s] INFO:colcon.colcon_core.shell:Creating environment descriptor '/home/aa/robot_ws/install/m_pubsub/share/m_pubsub/hook/pythonpath.dsv'
[2.358s] INFO:colcon.colcon_core.shell:Creating environment hook '/home/aa/robot_ws/install/m_pubsub/share/m_pubsub/hook/pythonpath.sh'
[2.359s] Level 1:colcon.colcon_core.environment:checking '/home/aa/robot_ws/install/m_pubsub/bin'
[2.359s] Level 1:colcon.colcon_core.environment:create_environment_scripts_only(m_pubsub)
[2.363s] INFO:colcon.colcon_core.shell:Creating package script '/home/aa/robot_ws/install/m_pubsub/share/m_pubsub/package.ps1'
[2.364s] INFO:colcon.colcon_core.shell:Creating package descriptor '/home/aa/robot_ws/install/m_pubsub/share/m_pubsub/package.dsv'
[2.365s] INFO:colcon.colcon_core.shell:Creating package script '/home/aa/robot_ws/install/m_pubsub/share/m_pubsub/package.sh'
[2.366s] INFO:colcon.colcon_core.shell:Creating package script '/home/aa/robot_ws/install/m_pubsub/share/m_pubsub/package.bash'
[2.367s] INFO:colcon.colcon_core.shell:Creating package script '/home/aa/robot_ws/install/m_pubsub/share/m_pubsub/package.zsh'
[2.368s] Level 1:colcon.colcon_core.environment:create_file_with_runtime_dependencies(/home/aa/robot_ws/install/m_pubsub/share/colcon-core/packages/m_pubsub)
[2.371s] INFO:colcon.colcon_ros.task.ament_cmake.build:Building ROS package in '/home/aa/robot_ws/src/test_interfaces' with build type 'ament_cmake'
[2.371s] INFO:colcon.colcon_cmake.task.cmake.build:Building CMake package in '/home/aa/robot_ws/src/test_interfaces'
[2.376s] INFO:colcon.colcon_core.shell:Skip shell extension 'powershell' for command environment: Not usable outside of PowerShell
[2.376s] DEBUG:colcon.colcon_core.shell:Skip shell extension 'dsv' for command environment
[2.396s] DEBUG:colcon.colcon_core.event_handler.log_command:Invoking command in '/home/aa/robot_ws/build/test_interfaces': CMAKE_PREFIX_PATH=${CMAKE_PREFIX_PATH}:/home/aa/robot_ws/install/test_num:/home/aa/robot_ws/install/move_turtle_pkg:/home/aa/robot_ws/install/m_pubsub:/opt/ros/foxy /usr/bin/cmake --build /home/aa/robot_ws/build/test_interfaces -- -j2 -l2
[2.449s] Level 1:colcon.colcon_core.shell:create_environment_hook('move_turtle_pkg', 'pythonpath_develop')
[2.450s] DEBUG:colcon.colcon_core.event_handler.log_command:Invoked command in '/home/aa/robot_ws/build/move_turtle_pkg' returned '0': PYTHONPATH=/home/aa/robot_ws/build/move_turtle_pkg/prefix_override:/home/aa/robot_ws/install/move_turtle_pkg/lib/python3.8/site-packages:${PYTHONPATH} /usr/bin/python3 setup.py develop --editable --build-directory /home/aa/robot_ws/build/move_turtle_pkg/build --no-deps install_data
[2.454s] INFO:colcon.colcon_core.shell:Creating environment hook '/home/aa/robot_ws/build/move_turtle_pkg/share/move_turtle_pkg/hook/pythonpath_develop.ps1'
[2.455s] INFO:colcon.colcon_core.shell:Creating environment descriptor '/home/aa/robot_ws/build/move_turtle_pkg/share/move_turtle_pkg/hook/pythonpath_develop.dsv'
[2.456s] INFO:colcon.colcon_core.shell:Creating environment hook '/home/aa/robot_ws/build/move_turtle_pkg/share/move_turtle_pkg/hook/pythonpath_develop.sh'
[2.462s] Level 1:colcon.colcon_core.environment:checking '/home/aa/robot_ws/install/move_turtle_pkg' for CMake module files
[2.469s] Level 1:colcon.colcon_core.environment:checking '/home/aa/robot_ws/install/move_turtle_pkg' for CMake config files
[2.470s] Level 1:colcon.colcon_core.environment:checking '/home/aa/robot_ws/install/move_turtle_pkg/lib'
[2.470s] Level 1:colcon.colcon_core.environment:checking '/home/aa/robot_ws/install/move_turtle_pkg/bin'
[2.470s] Level 1:colcon.colcon_core.environment:checking '/home/aa/robot_ws/install/move_turtle_pkg/lib/pkgconfig/move_turtle_pkg.pc'
[2.470s] Level 1:colcon.colcon_core.environment:checking '/home/aa/robot_ws/install/move_turtle_pkg/lib/python3.8/site-packages'
[2.470s] Level 1:colcon.colcon_core.shell:create_environment_hook('move_turtle_pkg', 'pythonpath')
[2.474s] INFO:colcon.colcon_core.shell:Creating environment hook '/home/aa/robot_ws/install/move_turtle_pkg/share/move_turtle_pkg/hook/pythonpath.ps1'
[2.475s] INFO:colcon.colcon_core.shell:Creating environment descriptor '/home/aa/robot_ws/install/move_turtle_pkg/share/move_turtle_pkg/hook/pythonpath.dsv'
[2.475s] INFO:colcon.colcon_core.shell:Creating environment hook '/home/aa/robot_ws/install/move_turtle_pkg/share/move_turtle_pkg/hook/pythonpath.sh'
[2.476s] Level 1:colcon.colcon_core.environment:checking '/home/aa/robot_ws/install/move_turtle_pkg/bin'
[2.476s] Level 1:colcon.colcon_core.environment:create_environment_scripts_only(move_turtle_pkg)
[2.480s] INFO:colcon.colcon_core.shell:Creating package script '/home/aa/robot_ws/install/move_turtle_pkg/share/move_turtle_pkg/package.ps1'
[2.482s] INFO:colcon.colcon_core.shell:Creating package descriptor '/home/aa/robot_ws/install/move_turtle_pkg/share/move_turtle_pkg/package.dsv'
[2.482s] INFO:colcon.colcon_core.shell:Creating package script '/home/aa/robot_ws/install/move_turtle_pkg/share/move_turtle_pkg/package.sh'
[2.483s] INFO:colcon.colcon_core.shell:Creating package script '/home/aa/robot_ws/install/move_turtle_pkg/share/move_turtle_pkg/package.bash'
[2.484s] INFO:colcon.colcon_core.shell:Creating package script '/home/aa/robot_ws/install/move_turtle_pkg/share/move_turtle_pkg/package.zsh'
[2.484s] Level 1:colcon.colcon_core.environment:create_file_with_runtime_dependencies(/home/aa/robot_ws/install/move_turtle_pkg/share/colcon-core/packages/move_turtle_pkg)
[2.485s] INFO:colcon.colcon_ros.task.ament_python.build:Building ROS package in '/home/aa/robot_ws/src/test_num' with build type 'ament_python'
[2.486s] Level 1:colcon.colcon_core.shell:create_environment_hook('test_num', 'ament_prefix_path')
[2.489s] INFO:colcon.colcon_core.shell:Creating environment hook '/home/aa/robot_ws/install/test_num/share/test_num/hook/ament_prefix_path.ps1'
[2.491s] INFO:colcon.colcon_core.shell:Creating environment descriptor '/home/aa/robot_ws/install/test_num/share/test_num/hook/ament_prefix_path.dsv'
[2.491s] INFO:colcon.colcon_core.shell:Creating environment hook '/home/aa/robot_ws/install/test_num/share/test_num/hook/ament_prefix_path.sh'
[2.499s] INFO:colcon.colcon_core.shell:Skip shell extension 'powershell' for command environment: Not usable outside of PowerShell
[2.499s] DEBUG:colcon.colcon_core.shell:Skip shell extension 'dsv' for command environment
[2.896s] INFO:colcon.colcon_core.task.python.build:Building Python package in '/home/aa/robot_ws/src/test_num'
[2.900s] INFO:colcon.colcon_core.shell:Skip shell extension 'powershell' for command environment: Not usable outside of PowerShell
[2.900s] DEBUG:colcon.colcon_core.shell:Skip shell extension 'dsv' for command environment
[2.976s] DEBUG:colcon.colcon_core.event_handler.log_command:Invoked command in '/home/aa/robot_ws/build/test_interfaces' returned '0': CMAKE_PREFIX_PATH=${CMAKE_PREFIX_PATH}:/home/aa/robot_ws/install/test_num:/home/aa/robot_ws/install/move_turtle_pkg:/home/aa/robot_ws/install/m_pubsub:/opt/ros/foxy /usr/bin/cmake --build /home/aa/robot_ws/build/test_interfaces -- -j2 -l2
[3.125s] DEBUG:colcon.colcon_core.event_handler.log_command:Invoking command in '/home/aa/robot_ws/build/test_interfaces': CMAKE_PREFIX_PATH=${CMAKE_PREFIX_PATH}:/home/aa/robot_ws/install/test_num:/home/aa/robot_ws/install/move_turtle_pkg:/home/aa/robot_ws/install/m_pubsub:/opt/ros/foxy /usr/bin/cmake --install /home/aa/robot_ws/build/test_interfaces
[3.295s] Level 1:colcon.colcon_core.environment:create_environment_scripts_only(test_interfaces)
[3.301s] Level 1:colcon.colcon_core.environment:checking '/home/aa/robot_ws/install/test_interfaces' for CMake module files
[3.302s] DEBUG:colcon.colcon_core.event_handler.log_command:Invoked command in '/home/aa/robot_ws/build/test_interfaces' returned '0': CMAKE_PREFIX_PATH=${CMAKE_PREFIX_PATH}:/home/aa/robot_ws/install/test_num:/home/aa/robot_ws/install/move_turtle_pkg:/home/aa/robot_ws/install/m_pubsub:/opt/ros/foxy /usr/bin/cmake --install /home/aa/robot_ws/build/test_interfaces
[3.303s] Level 1:colcon.colcon_core.environment:checking '/home/aa/robot_ws/install/test_interfaces' for CMake config files
[3.304s] Level 1:colcon.colcon_core.shell:create_environment_hook('test_interfaces', 'cmake_prefix_path')
[3.308s] INFO:colcon.colcon_core.shell:Creating environment hook '/home/aa/robot_ws/install/test_interfaces/share/test_interfaces/hook/cmake_prefix_path.ps1'
[3.310s] INFO:colcon.colcon_core.shell:Creating environment descriptor '/home/aa/robot_ws/install/test_interfaces/share/test_interfaces/hook/cmake_prefix_path.dsv'
[3.311s] INFO:colcon.colcon_core.shell:Creating environment hook '/home/aa/robot_ws/install/test_interfaces/share/test_interfaces/hook/cmake_prefix_path.sh'
[3.312s] Level 1:colcon.colcon_core.environment:checking '/home/aa/robot_ws/install/test_interfaces/lib'
[3.312s] Level 1:colcon.colcon_core.shell:create_environment_hook('test_interfaces', 'ld_library_path_lib')
[3.316s] INFO:colcon.colcon_core.shell:Creating environment hook '/home/aa/robot_ws/install/test_interfaces/share/test_interfaces/hook/ld_library_path_lib.ps1'
[3.317s] INFO:colcon.colcon_core.shell:Creating environment descriptor '/home/aa/robot_ws/install/test_interfaces/share/test_interfaces/hook/ld_library_path_lib.dsv'
[3.317s] INFO:colcon.colcon_core.shell:Creating environment hook '/home/aa/robot_ws/install/test_interfaces/share/test_interfaces/hook/ld_library_path_lib.sh'
[3.318s] Level 1:colcon.colcon_core.environment:checking '/home/aa/robot_ws/install/test_interfaces/bin'
[3.318s] Level 1:colcon.colcon_core.environment:checking '/home/aa/robot_ws/install/test_interfaces/lib/pkgconfig/test_interfaces.pc'
[3.318s] Level 1:colcon.colcon_core.environment:checking '/home/aa/robot_ws/install/test_interfaces/lib/python3.8/site-packages'
[3.318s] Level 1:colcon.colcon_core.shell:create_environment_hook('test_interfaces', 'pythonpath')
[3.322s] INFO:colcon.colcon_core.shell:Creating environment hook '/home/aa/robot_ws/install/test_interfaces/share/test_interfaces/hook/pythonpath.ps1'
[3.323s] INFO:colcon.colcon_core.shell:Creating environment descriptor '/home/aa/robot_ws/install/test_interfaces/share/test_interfaces/hook/pythonpath.dsv'
[3.323s] INFO:colcon.colcon_core.shell:Creating environment hook '/home/aa/robot_ws/install/test_interfaces/share/test_interfaces/hook/pythonpath.sh'
[3.324s] Level 1:colcon.colcon_core.environment:checking '/home/aa/robot_ws/install/test_interfaces/bin'
[3.328s] INFO:colcon.colcon_core.shell:Creating package script '/home/aa/robot_ws/install/test_interfaces/share/test_interfaces/package.ps1'
[3.329s] INFO:colcon.colcon_core.shell:Creating package descriptor '/home/aa/robot_ws/install/test_interfaces/share/test_interfaces/package.dsv'
[3.329s] INFO:colcon.colcon_core.shell:Creating package script '/home/aa/robot_ws/install/test_interfaces/share/test_interfaces/package.sh'
[3.330s] INFO:colcon.colcon_core.shell:Creating package script '/home/aa/robot_ws/install/test_interfaces/share/test_interfaces/package.bash'
[3.331s] INFO:colcon.colcon_core.shell:Creating package script '/home/aa/robot_ws/install/test_interfaces/share/test_interfaces/package.zsh'
[3.331s] Level 1:colcon.colcon_core.environment:create_file_with_runtime_dependencies(/home/aa/robot_ws/install/test_interfaces/share/colcon-core/packages/test_interfaces)
[3.468s] Level 1:colcon.colcon_core.environment:create_environment_scripts_only(test_interfaces)
[3.473s] Level 1:colcon.colcon_core.environment:checking '/home/aa/robot_ws/install/test_interfaces' for CMake module files
[3.474s] Level 1:colcon.colcon_core.environment:checking '/home/aa/robot_ws/install/test_interfaces' for CMake config files
[3.476s] Level 1:colcon.colcon_core.shell:create_environment_hook('test_interfaces', 'cmake_prefix_path')
[3.480s] INFO:colcon.colcon_core.shell:Creating environment hook '/home/aa/robot_ws/install/test_interfaces/share/test_interfaces/hook/cmake_prefix_path.ps1'
[3.482s] INFO:colcon.colcon_core.shell:Creating environment descriptor '/home/aa/robot_ws/install/test_interfaces/share/test_interfaces/hook/cmake_prefix_path.dsv'
[3.483s] INFO:colcon.colcon_core.shell:Creating environment hook '/home/aa/robot_ws/install/test_interfaces/share/test_interfaces/hook/cmake_prefix_path.sh'
[3.484s] Level 1:colcon.colcon_core.environment:checking '/home/aa/robot_ws/install/test_interfaces/lib'
[3.484s] Level 1:colcon.colcon_core.shell:create_environment_hook('test_interfaces', 'ld_library_path_lib')
[3.490s] INFO:colcon.colcon_core.shell:Creating environment hook '/home/aa/robot_ws/install/test_interfaces/share/test_interfaces/hook/ld_library_path_lib.ps1'
[3.491s] INFO:colcon.colcon_core.shell:Creating environment descriptor '/home/aa/robot_ws/install/test_interfaces/share/test_interfaces/hook/ld_library_path_lib.dsv'
[3.492s] INFO:colcon.colcon_core.shell:Creating environment hook '/home/aa/robot_ws/install/test_interfaces/share/test_interfaces/hook/ld_library_path_lib.sh'
[3.493s] Level 1:colcon.colcon_core.environment:checking '/home/aa/robot_ws/install/test_interfaces/bin'
[3.493s] Level 1:colcon.colcon_core.environment:checking '/home/aa/robot_ws/install/test_interfaces/lib/pkgconfig/test_interfaces.pc'
[3.493s] Level 1:colcon.colcon_core.environment:checking '/home/aa/robot_ws/install/test_interfaces/lib/python3.8/site-packages'
[3.494s] Level 1:colcon.colcon_core.shell:create_environment_hook('test_interfaces', 'pythonpath')
[3.497s] INFO:colcon.colcon_core.shell:Creating environment hook '/home/aa/robot_ws/install/test_interfaces/share/test_interfaces/hook/pythonpath.ps1'
[3.498s] INFO:colcon.colcon_core.shell:Creating environment descriptor '/home/aa/robot_ws/install/test_interfaces/share/test_interfaces/hook/pythonpath.dsv'
[3.498s] INFO:colcon.colcon_core.shell:Creating environment hook '/home/aa/robot_ws/install/test_interfaces/share/test_interfaces/hook/pythonpath.sh'
[3.499s] Level 1:colcon.colcon_core.environment:checking '/home/aa/robot_ws/install/test_interfaces/bin'
[3.503s] INFO:colcon.colcon_core.shell:Creating package script '/home/aa/robot_ws/install/test_interfaces/share/test_interfaces/package.ps1'
[3.504s] INFO:colcon.colcon_core.shell:Creating package descriptor '/home/aa/robot_ws/install/test_interfaces/share/test_interfaces/package.dsv'
[3.505s] INFO:colcon.colcon_core.shell:Creating package script '/home/aa/robot_ws/install/test_interfaces/share/test_interfaces/package.sh'
[3.506s] INFO:colcon.colcon_core.shell:Creating package script '/home/aa/robot_ws/install/test_interfaces/share/test_interfaces/package.bash'
[3.507s] INFO:colcon.colcon_core.shell:Creating package script '/home/aa/robot_ws/install/test_interfaces/share/test_interfaces/package.zsh'
[3.508s] Level 1:colcon.colcon_core.environment:create_file_with_runtime_dependencies(/home/aa/robot_ws/install/test_interfaces/share/colcon-core/packages/test_interfaces)
[3.515s] DEBUG:colcon.colcon_core.event_handler.log_command:Invoking command in '/home/aa/robot_ws/build/test_num': PYTHONPATH=/home/aa/robot_ws/build/test_num/prefix_override:/home/aa/robot_ws/install/test_num/lib/python3.8/site-packages:${PYTHONPATH} /usr/bin/python3 setup.py develop --editable --build-directory /home/aa/robot_ws/build/test_num/build --no-deps install_data
[4.085s] Level 1:colcon.colcon_core.shell:create_environment_hook('test_num', 'pythonpath_develop')
[4.085s] DEBUG:colcon.colcon_core.event_handler.log_command:Invoked command in '/home/aa/robot_ws/build/test_num' returned '0': PYTHONPATH=/home/aa/robot_ws/build/test_num/prefix_override:/home/aa/robot_ws/install/test_num/lib/python3.8/site-packages:${PYTHONPATH} /usr/bin/python3 setup.py develop --editable --build-directory /home/aa/robot_ws/build/test_num/build --no-deps install_data
[4.089s] INFO:colcon.colcon_core.shell:Creating environment hook '/home/aa/robot_ws/build/test_num/share/test_num/hook/pythonpath_develop.ps1'
[4.090s] INFO:colcon.colcon_core.shell:Creating environment descriptor '/home/aa/robot_ws/build/test_num/share/test_num/hook/pythonpath_develop.dsv'
[4.091s] INFO:colcon.colcon_core.shell:Creating environment hook '/home/aa/robot_ws/build/test_num/share/test_num/hook/pythonpath_develop.sh'
[4.097s] Level 1:colcon.colcon_core.environment:checking '/home/aa/robot_ws/install/test_num' for CMake module files
[4.098s] Level 1:colcon.colcon_core.environment:checking '/home/aa/robot_ws/install/test_num' for CMake config files
[4.099s] Level 1:colcon.colcon_core.environment:checking '/home/aa/robot_ws/install/test_num/lib'
[4.099s] Level 1:colcon.colcon_core.environment:checking '/home/aa/robot_ws/install/test_num/bin'
[4.099s] Level 1:colcon.colcon_core.environment:checking '/home/aa/robot_ws/install/test_num/lib/pkgconfig/test_num.pc'
[4.099s] Level 1:colcon.colcon_core.environment:checking '/home/aa/robot_ws/install/test_num/lib/python3.8/site-packages'
[4.099s] Level 1:colcon.colcon_core.shell:create_environment_hook('test_num', 'pythonpath')
[4.103s] INFO:colcon.colcon_core.shell:Creating environment hook '/home/aa/robot_ws/install/test_num/share/test_num/hook/pythonpath.ps1'
[4.103s] INFO:colcon.colcon_core.shell:Creating environment descriptor '/home/aa/robot_ws/install/test_num/share/test_num/hook/pythonpath.dsv'
[4.104s] INFO:colcon.colcon_core.shell:Creating environment hook '/home/aa/robot_ws/install/test_num/share/test_num/hook/pythonpath.sh'
[4.105s] Level 1:colcon.colcon_core.environment:checking '/home/aa/robot_ws/install/test_num/bin'
[4.105s] Level 1:colcon.colcon_core.environment:create_environment_scripts_only(test_num)
[4.109s] INFO:colcon.colcon_core.shell:Creating package script '/home/aa/robot_ws/install/test_num/share/test_num/package.ps1'
[4.110s] INFO:colcon.colcon_core.shell:Creating package descriptor '/home/aa/robot_ws/install/test_num/share/test_num/package.dsv'
[4.110s] INFO:colcon.colcon_core.shell:Creating package script '/home/aa/robot_ws/install/test_num/share/test_num/package.sh'
[4.111s] INFO:colcon.colcon_core.shell:Creating package script '/home/aa/robot_ws/install/test_num/share/test_num/package.bash'
[4.112s] INFO:colcon.colcon_core.shell:Creating package script '/home/aa/robot_ws/install/test_num/share/test_num/package.zsh'
[4.112s] Level 1:colcon.colcon_core.environment:create_file_with_runtime_dependencies(/home/aa/robot_ws/install/test_num/share/colcon-core/packages/test_num)
[4.113s] DEBUG:colcon.colcon_parallel_executor.executor.parallel:closing loop
[4.114s] DEBUG:colcon.colcon_parallel_executor.executor.parallel:loop closed
[4.114s] DEBUG:colcon.colcon_parallel_executor.executor.parallel:run_until_complete finished with '0'
[4.114s] DEBUG:colcon.colcon_core.event_reactor:joining thread
[4.129s] INFO:colcon.colcon_core.plugin_system:Skipping extension 'colcon_notification.desktop_notification.terminal_notifier': Not used on non-Darwin systems
[4.129s] INFO:colcon.colcon_core.plugin_system:Skipping extension 'colcon_notification.desktop_notification.win32': Not used on non-Windows systems
[4.129s] INFO:colcon.colcon_notification.desktop_notification:Sending desktop notification using 'notify2'
[4.150s] DEBUG:colcon.colcon_core.event_reactor:joined thread
[4.154s] INFO:colcon.colcon_core.shell:Creating prefix script '/home/aa/robot_ws/install/local_setup.ps1'
[4.156s] INFO:colcon.colcon_core.shell:Creating prefix util module '/home/aa/robot_ws/install/_local_setup_util_ps1.py'
[4.158s] INFO:colcon.colcon_core.shell:Creating prefix chain script '/home/aa/robot_ws/install/setup.ps1'
[4.160s] INFO:colcon.colcon_core.shell:Creating prefix script '/home/aa/robot_ws/install/local_setup.sh'
[4.161s] INFO:colcon.colcon_core.shell:Creating prefix util module '/home/aa/robot_ws/install/_local_setup_util_sh.py'
[4.162s] INFO:colcon.colcon_core.shell:Creating prefix chain script '/home/aa/robot_ws/install/setup.sh'
[4.164s] INFO:colcon.colcon_core.shell:Creating prefix script '/home/aa/robot_ws/install/local_setup.bash'
[4.165s] INFO:colcon.colcon_core.shell:Creating prefix chain script '/home/aa/robot_ws/install/setup.bash'
[4.167s] INFO:colcon.colcon_core.shell:Creating prefix script '/home/aa/robot_ws/install/local_setup.zsh'
[4.168s] INFO:colcon.colcon_core.shell:Creating prefix chain script '/home/aa/robot_ws/install/setup.zsh'
