[0.348s] DEBUG:colcon:Command line arguments: ['/usr/bin/colcon', 'build', '--symlink-install']
[0.349s] DEBUG:colcon:Parsed command line arguments: Namespace(allow_overriding=[], ament_cmake_args=None, base_paths=['.'], build_base='build', catkin_cmake_args=None, catkin_skip_building_tests=False, cmake_args=None, cmake_clean_cache=False, cmake_clean_first=False, cmake_force_configure=False, cmake_target=None, cmake_target_skip_unavailable=False, continue_on_error=False, event_handlers=None, executor='parallel', ignore_user_meta=False, install_base='install', log_base=None, log_level=None, main=<bound method BuildVerb.main of <colcon_core.verb.build.BuildVerb object at 0x7f209e4afbe0>>, merge_install=False, metas=['./colcon.meta'], packages_above=None, packages_above_and_dependencies=None, packages_above_depth=None, packages_end=None, packages_ignore=None, packages_ignore_regex=None, packages_select=None, packages_select_build_failed=False, packages_select_by_dep=None, packages_select_regex=None, packages_select_test_failures=False, packages_skip=None, packages_skip_build_finished=False, packages_skip_by_dep=None, packages_skip_regex=None, packages_skip_test_passed=False, packages_skip_up_to=None, packages_start=None, packages_up_to=None, packages_up_to_regex=None, parallel_workers=2, paths=None, symlink_install=True, test_result_base=None, verb_extension=<colcon_core.verb.build.BuildVerb object at 0x7f209e4afbe0>, verb_name='build', verb_parser=<colcon_defaults.argument_parser.defaults.DefaultArgumentsDecorator object at 0x7f209e4b9190>)
[0.397s] Level 1:colcon.colcon_core.package_discovery:discover_packages(colcon_meta) check parameters
[0.397s] Level 1:colcon.colcon_core.package_discovery:discover_packages(recursive) check parameters
[0.397s] Level 1:colcon.colcon_core.package_discovery:discover_packages(ignore) check parameters
[0.397s] Level 1:colcon.colcon_core.package_discovery:discover_packages(path) check parameters
[0.397s] Level 1:colcon.colcon_core.package_discovery:discover_packages(colcon_meta) discover
[0.397s] Level 1:colcon.colcon_core.package_discovery:discover_packages(recursive) discover
[0.397s] INFO:colcon.colcon_core.package_discovery:Crawling recursively for packages in '/home/aa/robot_ws'
[0.398s] Level 1:colcon.colcon_core.package_identification:_identify(.) by extensions ['ignore', 'ignore_ament_install']
[0.398s] Level 1:colcon.colcon_core.package_identification:_identify(.) by extension 'ignore'
[0.398s] Level 1:colcon.colcon_core.package_identification:_identify(.) by extension 'ignore_ament_install'
[0.398s] Level 1:colcon.colcon_core.package_identification:_identify(.) by extensions ['colcon_pkg']
[0.398s] Level 1:colcon.colcon_core.package_identification:_identify(.) by extension 'colcon_pkg'
[0.398s] Level 1:colcon.colcon_core.package_identification:_identify(.) by extensions ['colcon_meta']
[0.398s] Level 1:colcon.colcon_core.package_identification:_identify(.) by extension 'colcon_meta'
[0.398s] Level 1:colcon.colcon_core.package_identification:_identify(.) by extensions ['ros']
[0.398s] Level 1:colcon.colcon_core.package_identification:_identify(.) by extension 'ros'
[0.425s] Level 1:colcon.colcon_core.package_identification:_identify(.) by extensions ['cmake', 'python']
[0.425s] Level 1:colcon.colcon_core.package_identification:_identify(.) by extension 'cmake'
[0.425s] Level 1:colcon.colcon_core.package_identification:_identify(.) by extension 'python'
[0.426s] Level 1:colcon.colcon_core.package_identification:_identify(.) by extensions ['python_setup_py']
[0.426s] Level 1:colcon.colcon_core.package_identification:_identify(.) by extension 'python_setup_py'
[0.426s] Level 1:colcon.colcon_core.package_identification:_identify(build) by extensions ['ignore', 'ignore_ament_install']
[0.426s] Level 1:colcon.colcon_core.package_identification:_identify(build) by extension 'ignore'
[0.426s] Level 1:colcon.colcon_core.package_identification:_identify(build) ignored
[0.426s] Level 1:colcon.colcon_core.package_identification:_identify(install) by extensions ['ignore', 'ignore_ament_install']
[0.426s] Level 1:colcon.colcon_core.package_identification:_identify(install) by extension 'ignore'
[0.427s] Level 1:colcon.colcon_core.package_identification:_identify(install) ignored
[0.427s] Level 1:colcon.colcon_core.package_identification:_identify(log) by extensions ['ignore', 'ignore_ament_install']
[0.427s] Level 1:colcon.colcon_core.package_identification:_identify(log) by extension 'ignore'
[0.427s] Level 1:colcon.colcon_core.package_identification:_identify(log) ignored
[0.427s] Level 1:colcon.colcon_core.package_identification:_identify(src) by extensions ['ignore', 'ignore_ament_install']
[0.427s] Level 1:colcon.colcon_core.package_identification:_identify(src) by extension 'ignore'
[0.427s] Level 1:colcon.colcon_core.package_identification:_identify(src) by extension 'ignore_ament_install'
[0.427s] Level 1:colcon.colcon_core.package_identification:_identify(src) by extensions ['colcon_pkg']
[0.428s] Level 1:colcon.colcon_core.package_identification:_identify(src) by extension 'colcon_pkg'
[0.428s] Level 1:colcon.colcon_core.package_identification:_identify(src) by extensions ['colcon_meta']
[0.428s] Level 1:colcon.colcon_core.package_identification:_identify(src) by extension 'colcon_meta'
[0.428s] Level 1:colcon.colcon_core.package_identification:_identify(src) by extensions ['ros']
[0.428s] Level 1:colcon.colcon_core.package_identification:_identify(src) by extension 'ros'
[0.428s] Level 1:colcon.colcon_core.package_identification:_identify(src) by extensions ['cmake', 'python']
[0.428s] Level 1:colcon.colcon_core.package_identification:_identify(src) by extension 'cmake'
[0.428s] Level 1:colcon.colcon_core.package_identification:_identify(src) by extension 'python'
[0.428s] Level 1:colcon.colcon_core.package_identification:_identify(src) by extensions ['python_setup_py']
[0.428s] Level 1:colcon.colcon_core.package_identification:_identify(src) by extension 'python_setup_py'
[0.429s] Level 1:colcon.colcon_core.package_identification:_identify(src/m_pubsub) by extensions ['ignore', 'ignore_ament_install']
[0.429s] Level 1:colcon.colcon_core.package_identification:_identify(src/m_pubsub) by extension 'ignore'
[0.429s] Level 1:colcon.colcon_core.package_identification:_identify(src/m_pubsub) by extension 'ignore_ament_install'
[0.429s] Level 1:colcon.colcon_core.package_identification:_identify(src/m_pubsub) by extensions ['colcon_pkg']
[0.429s] Level 1:colcon.colcon_core.package_identification:_identify(src/m_pubsub) by extension 'colcon_pkg'
[0.429s] Level 1:colcon.colcon_core.package_identification:_identify(src/m_pubsub) by extensions ['colcon_meta']
[0.429s] Level 1:colcon.colcon_core.package_identification:_identify(src/m_pubsub) by extension 'colcon_meta'
[0.429s] Level 1:colcon.colcon_core.package_identification:_identify(src/m_pubsub) by extensions ['ros']
[0.429s] Level 1:colcon.colcon_core.package_identification:_identify(src/m_pubsub) by extension 'ros'
[0.433s] DEBUG:colcon.colcon_core.package_identification:Package 'src/m_pubsub' with type 'ros.ament_python' and name 'm_pubsub'
[0.433s] Level 1:colcon.colcon_core.package_identification:_identify(src/move_turtle_pkg) by extensions ['ignore', 'ignore_ament_install']
[0.434s] Level 1:colcon.colcon_core.package_identification:_identify(src/move_turtle_pkg) by extension 'ignore'
[0.434s] Level 1:colcon.colcon_core.package_identification:_identify(src/move_turtle_pkg) by extension 'ignore_ament_install'
[0.434s] Level 1:colcon.colcon_core.package_identification:_identify(src/move_turtle_pkg) by extensions ['colcon_pkg']
[0.434s] Level 1:colcon.colcon_core.package_identification:_identify(src/move_turtle_pkg) by extension 'colcon_pkg'
[0.434s] Level 1:colcon.colcon_core.package_identification:_identify(src/move_turtle_pkg) by extensions ['colcon_meta']
[0.434s] Level 1:colcon.colcon_core.package_identification:_identify(src/move_turtle_pkg) by extension 'colcon_meta'
[0.434s] Level 1:colcon.colcon_core.package_identification:_identify(src/move_turtle_pkg) by extensions ['ros']
[0.434s] Level 1:colcon.colcon_core.package_identification:_identify(src/move_turtle_pkg) by extension 'ros'
[0.435s] DEBUG:colcon.colcon_core.package_identification:Package 'src/move_turtle_pkg' with type 'ros.ament_python' and name 'move_turtle_pkg'
[0.436s] Level 1:colcon.colcon_core.package_identification:_identify(src/test_interfaces) by extensions ['ignore', 'ignore_ament_install']
[0.436s] Level 1:colcon.colcon_core.package_identification:_identify(src/test_interfaces) by extension 'ignore'
[0.436s] Level 1:colcon.colcon_core.package_identification:_identify(src/test_interfaces) by extension 'ignore_ament_install'
[0.436s] Level 1:colcon.colcon_core.package_identification:_identify(src/test_interfaces) by extensions ['colcon_pkg']
[0.436s] Level 1:colcon.colcon_core.package_identification:_identify(src/test_interfaces) by extension 'colcon_pkg'
[0.436s] Level 1:colcon.colcon_core.package_identification:_identify(src/test_interfaces) by extensions ['colcon_meta']
[0.436s] Level 1:colcon.colcon_core.package_identification:_identify(src/test_interfaces) by extension 'colcon_meta'
[0.436s] Level 1:colcon.colcon_core.package_identification:_identify(src/test_interfaces) by extensions ['ros']
[0.436s] Level 1:colcon.colcon_core.package_identification:_identify(src/test_interfaces) by extension 'ros'
[0.437s] DEBUG:colcon.colcon_core.package_identification:Package 'src/test_interfaces' with type 'ros.ament_cmake' and name 'test_interfaces'
[0.438s] Level 1:colcon.colcon_core.package_identification:_identify(src/test_num) by extensions ['ignore', 'ignore_ament_install']
[0.438s] Level 1:colcon.colcon_core.package_identification:_identify(src/test_num) by extension 'ignore'
[0.438s] Level 1:colcon.colcon_core.package_identification:_identify(src/test_num) by extension 'ignore_ament_install'
[0.438s] Level 1:colcon.colcon_core.package_identification:_identify(src/test_num) by extensions ['colcon_pkg']
[0.438s] Level 1:colcon.colcon_core.package_identification:_identify(src/test_num) by extension 'colcon_pkg'
[0.438s] Level 1:colcon.colcon_core.package_identification:_identify(src/test_num) by extensions ['colcon_meta']
[0.438s] Level 1:colcon.colcon_core.package_identification:_identify(src/test_num) by extension 'colcon_meta'
[0.438s] Level 1:colcon.colcon_core.package_identification:_identify(src/test_num) by extensions ['ros']
[0.438s] Level 1:colcon.colcon_core.package_identification:_identify(src/test_num) by extension 'ros'
[0.439s] DEBUG:colcon.colcon_core.package_identification:Package 'src/test_num' with type 'ros.ament_python' and name 'test_num'
[0.439s] Level 1:colcon.colcon_core.package_discovery:discover_packages(recursive) using defaults
[0.439s] Level 1:colcon.colcon_core.package_discovery:discover_packages(ignore) discover
[0.439s] Level 1:colcon.colcon_core.package_discovery:discover_packages(ignore) using defaults
[0.440s] Level 1:colcon.colcon_core.package_discovery:discover_packages(path) discover
[0.440s] Level 1:colcon.colcon_core.package_discovery:discover_packages(path) using defaults
[0.479s] Level 1:colcon.colcon_core.package_discovery:discover_packages(prefix_path) check parameters
[0.479s] Level 1:colcon.colcon_core.package_discovery:discover_packages(prefix_path) discover
[0.486s] DEBUG:colcon.colcon_installed_package_information.package_discovery:Found 4 installed packages in /home/aa/robot_ws/install
[0.491s] DEBUG:colcon.colcon_installed_package_information.package_discovery:Found 258 installed packages in /opt/ros/foxy
[0.493s] Level 1:colcon.colcon_core.package_discovery:discover_packages(prefix_path) using defaults
[0.653s] Level 5:colcon.colcon_core.verb:set package 'm_pubsub' build argument 'cmake_args' from command line to 'None'
[0.654s] Level 5:colcon.colcon_core.verb:set package 'm_pubsub' build argument 'cmake_target' from command line to 'None'
[0.654s] Level 5:colcon.colcon_core.verb:set package 'm_pubsub' build argument 'cmake_target_skip_unavailable' from command line to 'False'
[0.654s] Level 5:colcon.colcon_core.verb:set package 'm_pubsub' build argument 'cmake_clean_cache' from command line to 'False'
[0.654s] Level 5:colcon.colcon_core.verb:set package 'm_pubsub' build argument 'cmake_clean_first' from command line to 'False'
[0.654s] Level 5:colcon.colcon_core.verb:set package 'm_pubsub' build argument 'cmake_force_configure' from command line to 'False'
[0.654s] Level 5:colcon.colcon_core.verb:set package 'm_pubsub' build argument 'ament_cmake_args' from command line to 'None'
[0.654s] Level 5:colcon.colcon_core.verb:set package 'm_pubsub' build argument 'catkin_cmake_args' from command line to 'None'
[0.654s] Level 5:colcon.colcon_core.verb:set package 'm_pubsub' build argument 'catkin_skip_building_tests' from command line to 'False'
[0.654s] DEBUG:colcon.colcon_core.verb:Building package 'm_pubsub' with the following arguments: {'ament_cmake_args': None, 'build_base': '/home/aa/robot_ws/build/m_pubsub', 'catkin_cmake_args': None, 'catkin_skip_building_tests': False, 'cmake_args': None, 'cmake_clean_cache': False, 'cmake_clean_first': False, 'cmake_force_configure': False, 'cmake_target': None, 'cmake_target_skip_unavailable': False, 'install_base': '/home/aa/robot_ws/install/m_pubsub', 'merge_install': False, 'path': '/home/aa/robot_ws/src/m_pubsub', 'symlink_install': True, 'test_result_base': None}
[0.656s] Level 5:colcon.colcon_core.verb:set package 'move_turtle_pkg' build argument 'cmake_args' from command line to 'None'
[0.656s] Level 5:colcon.colcon_core.verb:set package 'move_turtle_pkg' build argument 'cmake_target' from command line to 'None'
[0.656s] Level 5:colcon.colcon_core.verb:set package 'move_turtle_pkg' build argument 'cmake_target_skip_unavailable' from command line to 'False'
[0.657s] Level 5:colcon.colcon_core.verb:set package 'move_turtle_pkg' build argument 'cmake_clean_cache' from command line to 'False'
[0.657s] Level 5:colcon.colcon_core.verb:set package 'move_turtle_pkg' build argument 'cmake_clean_first' from command line to 'False'
[0.657s] Level 5:colcon.colcon_core.verb:set package 'move_turtle_pkg' build argument 'cmake_force_configure' from command line to 'False'
[0.657s] Level 5:colcon.colcon_core.verb:set package 'move_turtle_pkg' build argument 'ament_cmake_args' from command line to 'None'
[0.657s] Level 5:colcon.colcon_core.verb:set package 'move_turtle_pkg' build argument 'catkin_cmake_args' from command line to 'None'
[0.657s] Level 5:colcon.colcon_core.verb:set package 'move_turtle_pkg' build argument 'catkin_skip_building_tests' from command line to 'False'
[0.657s] DEBUG:colcon.colcon_core.verb:Building package 'move_turtle_pkg' with the following arguments: {'ament_cmake_args': None, 'build_base': '/home/aa/robot_ws/build/move_turtle_pkg', 'catkin_cmake_args': None, 'catkin_skip_building_tests': False, 'cmake_args': None, 'cmake_clean_cache': False, 'cmake_clean_first': False, 'cmake_force_configure': False, 'cmake_target': None, 'cmake_target_skip_unavailable': False, 'install_base': '/home/aa/robot_ws/install/move_turtle_pkg', 'merge_install': False, 'path': '/home/aa/robot_ws/src/move_turtle_pkg', 'symlink_install': True, 'test_result_base': None}
[0.659s] Level 5:colcon.colcon_core.verb:set package 'test_interfaces' build argument 'cmake_args' from command line to 'None'
[0.659s] Level 5:colcon.colcon_core.verb:set package 'test_interfaces' build argument 'cmake_target' from command line to 'None'
[0.659s] Level 5:colcon.colcon_core.verb:set package 'test_interfaces' build argument 'cmake_target_skip_unavailable' from command line to 'False'
[0.659s] Level 5:colcon.colcon_core.verb:set package 'test_interfaces' build argument 'cmake_clean_cache' from command line to 'False'
[0.659s] Level 5:colcon.colcon_core.verb:set package 'test_interfaces' build argument 'cmake_clean_first' from command line to 'False'
[0.659s] Level 5:colcon.colcon_core.verb:set package 'test_interfaces' build argument 'cmake_force_configure' from command line to 'False'
[0.659s] Level 5:colcon.colcon_core.verb:set package 'test_interfaces' build argument 'ament_cmake_args' from command line to 'None'
[0.660s] Level 5:colcon.colcon_core.verb:set package 'test_interfaces' build argument 'catkin_cmake_args' from command line to 'None'
[0.660s] Level 5:colcon.colcon_core.verb:set package 'test_interfaces' build argument 'catkin_skip_building_tests' from command line to 'False'
[0.660s] DEBUG:colcon.colcon_core.verb:Building package 'test_interfaces' with the following arguments: {'ament_cmake_args': None, 'build_base': '/home/aa/robot_ws/build/test_interfaces', 'catkin_cmake_args': None, 'catkin_skip_building_tests': False, 'cmake_args': None, 'cmake_clean_cache': False, 'cmake_clean_first': False, 'cmake_force_configure': False, 'cmake_target': None, 'cmake_target_skip_unavailable': False, 'install_base': '/home/aa/robot_ws/install/test_interfaces', 'merge_install': False, 'path': '/home/aa/robot_ws/src/test_interfaces', 'symlink_install': True, 'test_result_base': None}
[0.662s] Level 5:colcon.colcon_core.verb:set package 'test_num' build argument 'cmake_args' from command line to 'None'
[0.662s] Level 5:colcon.colcon_core.verb:set package 'test_num' build argument 'cmake_target' from command line to 'None'
[0.662s] Level 5:colcon.colcon_core.verb:set package 'test_num' build argument 'cmake_target_skip_unavailable' from command line to 'False'
[0.662s] Level 5:colcon.colcon_core.verb:set package 'test_num' build argument 'cmake_clean_cache' from command line to 'False'
[0.662s] Level 5:colcon.colcon_core.verb:set package 'test_num' build argument 'cmake_clean_first' from command line to 'False'
[0.662s] Level 5:colcon.colcon_core.verb:set package 'test_num' build argument 'cmake_force_configure' from command line to 'False'
[0.662s] Level 5:colcon.colcon_core.verb:set package 'test_num' build argument 'ament_cmake_args' from command line to 'None'
[0.662s] Level 5:colcon.colcon_core.verb:set package 'test_num' build argument 'catkin_cmake_args' from command line to 'None'
[0.662s] Level 5:colcon.colcon_core.verb:set package 'test_num' build argument 'catkin_skip_building_tests' from command line to 'False'
[0.662s] DEBUG:colcon.colcon_core.verb:Building package 'test_num' with the following arguments: {'ament_cmake_args': None, 'build_base': '/home/aa/robot_ws/build/test_num', 'catkin_cmake_args': None, 'catkin_skip_building_tests': False, 'cmake_args': None, 'cmake_clean_cache': False, 'cmake_clean_first': False, 'cmake_force_configure': False, 'cmake_target': None, 'cmake_target_skip_unavailable': False, 'install_base': '/home/aa/robot_ws/install/test_num', 'merge_install': False, 'path': '/home/aa/robot_ws/src/test_num', 'symlink_install': True, 'test_result_base': None}
[0.664s] INFO:colcon.colcon_core.executor:Executing jobs using 'parallel' executor
[0.676s] DEBUG:colcon.colcon_parallel_executor.executor.parallel:run_until_complete
[0.676s] INFO:colcon.colcon_ros.task.ament_python.build:Building ROS package in '/home/aa/robot_ws/src/m_pubsub' with build type 'ament_python'
[0.676s] Level 1:colcon.colcon_core.shell:create_environment_hook('m_pubsub', 'ament_prefix_path')
[0.690s] INFO:colcon.colcon_core.plugin_system:Skipping extension 'colcon_core.shell.bat': Not used on non-Windows systems
[0.690s] INFO:colcon.colcon_core.shell:Creating environment hook '/home/aa/robot_ws/install/m_pubsub/share/m_pubsub/hook/ament_prefix_path.ps1'
[0.692s] INFO:colcon.colcon_core.shell:Creating environment descriptor '/home/aa/robot_ws/install/m_pubsub/share/m_pubsub/hook/ament_prefix_path.dsv'
[0.693s] INFO:colcon.colcon_core.shell:Creating environment hook '/home/aa/robot_ws/install/m_pubsub/share/m_pubsub/hook/ament_prefix_path.sh'
[0.697s] INFO:colcon.colcon_core.shell:Skip shell extension 'powershell' for command environment: Not usable outside of PowerShell
[0.697s] DEBUG:colcon.colcon_core.shell:Skip shell extension 'dsv' for command environment
[0.707s] INFO:colcon.colcon_ros.task.ament_python.build:Building ROS package in '/home/aa/robot_ws/src/move_turtle_pkg' with build type 'ament_python'
[0.708s] Level 1:colcon.colcon_core.shell:create_environment_hook('move_turtle_pkg', 'ament_prefix_path')
[0.712s] INFO:colcon.colcon_core.shell:Creating environment hook '/home/aa/robot_ws/install/move_turtle_pkg/share/move_turtle_pkg/hook/ament_prefix_path.ps1'
[0.713s] INFO:colcon.colcon_core.shell:Creating environment descriptor '/home/aa/robot_ws/install/move_turtle_pkg/share/move_turtle_pkg/hook/ament_prefix_path.dsv'
[0.714s] INFO:colcon.colcon_core.shell:Creating environment hook '/home/aa/robot_ws/install/move_turtle_pkg/share/move_turtle_pkg/hook/ament_prefix_path.sh'
[0.718s] INFO:colcon.colcon_core.shell:Skip shell extension 'powershell' for command environment: Not usable outside of PowerShell
[0.718s] DEBUG:colcon.colcon_core.shell:Skip shell extension 'dsv' for command environment
[1.014s] INFO:colcon.colcon_core.task.python.build:Building Python package in '/home/aa/robot_ws/src/m_pubsub'
[1.018s] INFO:colcon.colcon_core.shell:Skip shell extension 'powershell' for command environment: Not usable outside of PowerShell
[1.018s] DEBUG:colcon.colcon_core.shell:Skip shell extension 'dsv' for command environment
[1.348s] INFO:colcon.colcon_core.task.python.build:Building Python package in '/home/aa/robot_ws/src/move_turtle_pkg'
[1.353s] INFO:colcon.colcon_core.shell:Skip shell extension 'powershell' for command environment: Not usable outside of PowerShell
[1.353s] DEBUG:colcon.colcon_core.shell:Skip shell extension 'dsv' for command environment
[1.967s] DEBUG:colcon.colcon_core.event_handler.log_command:Invoking command in '/home/aa/robot_ws/build/m_pubsub': PYTHONPATH=/home/aa/robot_ws/build/m_pubsub/prefix_override:/home/aa/robot_ws/install/m_pubsub/lib/python3.8/site-packages:${PYTHONPATH} /usr/bin/python3 setup.py develop --editable --build-directory /home/aa/robot_ws/build/m_pubsub/build --no-deps install_data
[1.979s] DEBUG:colcon.colcon_core.event_handler.log_command:Invoking command in '/home/aa/robot_ws/build/move_turtle_pkg': PYTHONPATH=/home/aa/robot_ws/build/move_turtle_pkg/prefix_override:/home/aa/robot_ws/install/move_turtle_pkg/lib/python3.8/site-packages:${PYTHONPATH} /usr/bin/python3 setup.py develop --editable --build-directory /home/aa/robot_ws/build/move_turtle_pkg/build --no-deps install_data
[2.631s] Level 1:colcon.colcon_core.shell:create_environment_hook('m_pubsub', 'pythonpath_develop')
[2.636s] INFO:colcon.colcon_core.shell:Creating environment hook '/home/aa/robot_ws/build/m_pubsub/share/m_pubsub/hook/pythonpath_develop.ps1'
[2.637s] DEBUG:colcon.colcon_core.event_handler.log_command:Invoked command in '/home/aa/robot_ws/build/m_pubsub' returned '0': PYTHONPATH=/home/aa/robot_ws/build/m_pubsub/prefix_override:/home/aa/robot_ws/install/m_pubsub/lib/python3.8/site-packages:${PYTHONPATH} /usr/bin/python3 setup.py develop --editable --build-directory /home/aa/robot_ws/build/m_pubsub/build --no-deps install_data
[2.638s] INFO:colcon.colcon_core.shell:Creating environment descriptor '/home/aa/robot_ws/build/m_pubsub/share/m_pubsub/hook/pythonpath_develop.dsv'
[2.638s] INFO:colcon.colcon_core.shell:Creating environment hook '/home/aa/robot_ws/build/m_pubsub/share/m_pubsub/hook/pythonpath_develop.sh'
[2.656s] Level 1:colcon.colcon_core.environment:checking '/home/aa/robot_ws/install/m_pubsub' for CMake module files
[2.656s] Level 1:colcon.colcon_core.environment:checking '/home/aa/robot_ws/install/m_pubsub' for CMake config files
[2.657s] Level 1:colcon.colcon_core.environment:checking '/home/aa/robot_ws/install/m_pubsub/lib'
[2.657s] Level 1:colcon.colcon_core.environment:checking '/home/aa/robot_ws/install/m_pubsub/bin'
[2.658s] Level 1:colcon.colcon_core.environment:checking '/home/aa/robot_ws/install/m_pubsub/lib/pkgconfig/m_pubsub.pc'
[2.658s] Level 1:colcon.colcon_core.environment:checking '/home/aa/robot_ws/install/m_pubsub/lib/python3.8/site-packages'
[2.658s] Level 1:colcon.colcon_core.shell:create_environment_hook('m_pubsub', 'pythonpath')
[2.662s] INFO:colcon.colcon_core.shell:Creating environment hook '/home/aa/robot_ws/install/m_pubsub/share/m_pubsub/hook/pythonpath.ps1'
[2.662s] INFO:colcon.colcon_core.shell:Creating environment descriptor '/home/aa/robot_ws/install/m_pubsub/share/m_pubsub/hook/pythonpath.dsv'
[2.663s] INFO:colcon.colcon_core.shell:Creating environment hook '/home/aa/robot_ws/install/m_pubsub/share/m_pubsub/hook/pythonpath.sh'
[2.663s] Level 1:colcon.colcon_core.environment:checking '/home/aa/robot_ws/install/m_pubsub/bin'
[2.664s] Level 1:colcon.colcon_core.environment:create_environment_scripts_only(m_pubsub)
[2.667s] INFO:colcon.colcon_core.shell:Creating package script '/home/aa/robot_ws/install/m_pubsub/share/m_pubsub/package.ps1'
[2.669s] INFO:colcon.colcon_core.shell:Creating package descriptor '/home/aa/robot_ws/install/m_pubsub/share/m_pubsub/package.dsv'
[2.670s] INFO:colcon.colcon_core.shell:Creating package script '/home/aa/robot_ws/install/m_pubsub/share/m_pubsub/package.sh'
[2.672s] INFO:colcon.colcon_core.shell:Creating package script '/home/aa/robot_ws/install/m_pubsub/share/m_pubsub/package.bash'
[2.673s] INFO:colcon.colcon_core.shell:Creating package script '/home/aa/robot_ws/install/m_pubsub/share/m_pubsub/package.zsh'
[2.675s] Level 1:colcon.colcon_core.environment:create_file_with_runtime_dependencies(/home/aa/robot_ws/install/m_pubsub/share/colcon-core/packages/m_pubsub)
[2.676s] INFO:colcon.colcon_ros.task.ament_cmake.build:Building ROS package in '/home/aa/robot_ws/src/test_interfaces' with build type 'ament_cmake'
[2.676s] INFO:colcon.colcon_cmake.task.cmake.build:Building CMake package in '/home/aa/robot_ws/src/test_interfaces'
[2.680s] INFO:colcon.colcon_core.shell:Skip shell extension 'powershell' for command environment: Not usable outside of PowerShell
[2.680s] DEBUG:colcon.colcon_core.shell:Skip shell extension 'dsv' for command environment
[2.698s] Level 1:colcon.colcon_core.shell:create_environment_hook('move_turtle_pkg', 'pythonpath_develop')
[2.704s] INFO:colcon.colcon_core.shell:Creating environment hook '/home/aa/robot_ws/build/move_turtle_pkg/share/move_turtle_pkg/hook/pythonpath_develop.ps1'
[2.707s] DEBUG:colcon.colcon_core.event_handler.log_command:Invoked command in '/home/aa/robot_ws/build/move_turtle_pkg' returned '0': PYTHONPATH=/home/aa/robot_ws/build/move_turtle_pkg/prefix_override:/home/aa/robot_ws/install/move_turtle_pkg/lib/python3.8/site-packages:${PYTHONPATH} /usr/bin/python3 setup.py develop --editable --build-directory /home/aa/robot_ws/build/move_turtle_pkg/build --no-deps install_data
[2.708s] INFO:colcon.colcon_core.shell:Creating environment descriptor '/home/aa/robot_ws/build/move_turtle_pkg/share/move_turtle_pkg/hook/pythonpath_develop.dsv'
[2.709s] INFO:colcon.colcon_core.shell:Creating environment hook '/home/aa/robot_ws/build/move_turtle_pkg/share/move_turtle_pkg/hook/pythonpath_develop.sh'
[2.715s] Level 1:colcon.colcon_core.environment:checking '/home/aa/robot_ws/install/move_turtle_pkg' for CMake module files
[2.715s] Level 1:colcon.colcon_core.environment:checking '/home/aa/robot_ws/install/move_turtle_pkg' for CMake config files
[2.716s] Level 1:colcon.colcon_core.environment:checking '/home/aa/robot_ws/install/move_turtle_pkg/lib'
[2.716s] Level 1:colcon.colcon_core.environment:checking '/home/aa/robot_ws/install/move_turtle_pkg/bin'
[2.716s] Level 1:colcon.colcon_core.environment:checking '/home/aa/robot_ws/install/move_turtle_pkg/lib/pkgconfig/move_turtle_pkg.pc'
[2.717s] Level 1:colcon.colcon_core.environment:checking '/home/aa/robot_ws/install/move_turtle_pkg/lib/python3.8/site-packages'
[2.717s] Level 1:colcon.colcon_core.shell:create_environment_hook('move_turtle_pkg', 'pythonpath')
[2.720s] INFO:colcon.colcon_core.shell:Creating environment hook '/home/aa/robot_ws/install/move_turtle_pkg/share/move_turtle_pkg/hook/pythonpath.ps1'
[2.721s] INFO:colcon.colcon_core.shell:Creating environment descriptor '/home/aa/robot_ws/install/move_turtle_pkg/share/move_turtle_pkg/hook/pythonpath.dsv'
[2.723s] INFO:colcon.colcon_core.shell:Creating environment hook '/home/aa/robot_ws/install/move_turtle_pkg/share/move_turtle_pkg/hook/pythonpath.sh'
[2.724s] Level 1:colcon.colcon_core.environment:checking '/home/aa/robot_ws/install/move_turtle_pkg/bin'
[2.724s] Level 1:colcon.colcon_core.environment:create_environment_scripts_only(move_turtle_pkg)
[2.729s] INFO:colcon.colcon_core.shell:Creating package script '/home/aa/robot_ws/install/move_turtle_pkg/share/move_turtle_pkg/package.ps1'
[2.730s] INFO:colcon.colcon_core.shell:Creating package descriptor '/home/aa/robot_ws/install/move_turtle_pkg/share/move_turtle_pkg/package.dsv'
[2.731s] INFO:colcon.colcon_core.shell:Creating package script '/home/aa/robot_ws/install/move_turtle_pkg/share/move_turtle_pkg/package.sh'
[2.732s] INFO:colcon.colcon_core.shell:Creating package script '/home/aa/robot_ws/install/move_turtle_pkg/share/move_turtle_pkg/package.bash'
[2.733s] INFO:colcon.colcon_core.shell:Creating package script '/home/aa/robot_ws/install/move_turtle_pkg/share/move_turtle_pkg/package.zsh'
[2.733s] Level 1:colcon.colcon_core.environment:create_file_with_runtime_dependencies(/home/aa/robot_ws/install/move_turtle_pkg/share/colcon-core/packages/move_turtle_pkg)
[2.736s] INFO:colcon.colcon_ros.task.ament_python.build:Building ROS package in '/home/aa/robot_ws/src/test_num' with build type 'ament_python'
[2.736s] Level 1:colcon.colcon_core.shell:create_environment_hook('test_num', 'ament_prefix_path')
[2.744s] INFO:colcon.colcon_core.shell:Creating environment hook '/home/aa/robot_ws/install/test_num/share/test_num/hook/ament_prefix_path.ps1'
[2.745s] INFO:colcon.colcon_core.shell:Creating environment descriptor '/home/aa/robot_ws/install/test_num/share/test_num/hook/ament_prefix_path.dsv'
[2.746s] INFO:colcon.colcon_core.shell:Creating environment hook '/home/aa/robot_ws/install/test_num/share/test_num/hook/ament_prefix_path.sh'
[2.750s] INFO:colcon.colcon_core.shell:Skip shell extension 'powershell' for command environment: Not usable outside of PowerShell
[2.750s] DEBUG:colcon.colcon_core.shell:Skip shell extension 'dsv' for command environment
[2.785s] DEBUG:colcon.colcon_core.event_handler.log_command:Invoking command in '/home/aa/robot_ws/build/test_interfaces': CMAKE_PREFIX_PATH=${CMAKE_PREFIX_PATH}:/home/aa/robot_ws/install/test_num:/home/aa/robot_ws/install/move_turtle_pkg:/opt/ros/foxy /usr/bin/cmake --build /home/aa/robot_ws/build/test_interfaces -- -j2 -l2
[3.361s] INFO:colcon.colcon_core.task.python.build:Building Python package in '/home/aa/robot_ws/src/test_num'
[3.371s] INFO:colcon.colcon_core.shell:Skip shell extension 'powershell' for command environment: Not usable outside of PowerShell
[3.372s] DEBUG:colcon.colcon_core.shell:Skip shell extension 'dsv' for command environment
[4.392s] DEBUG:colcon.colcon_core.event_handler.log_command:Invoking command in '/home/aa/robot_ws/build/test_num': PYTHONPATH=/home/aa/robot_ws/build/test_num/prefix_override:/home/aa/robot_ws/install/test_num/lib/python3.8/site-packages:${PYTHONPATH} /usr/bin/python3 setup.py develop --editable --build-directory /home/aa/robot_ws/build/test_num/build --no-deps install_data
[5.456s] Level 1:colcon.colcon_core.shell:create_environment_hook('test_num', 'pythonpath_develop')
[5.456s] DEBUG:colcon.colcon_core.event_handler.log_command:Invoked command in '/home/aa/robot_ws/build/test_num' returned '0': PYTHONPATH=/home/aa/robot_ws/build/test_num/prefix_override:/home/aa/robot_ws/install/test_num/lib/python3.8/site-packages:${PYTHONPATH} /usr/bin/python3 setup.py develop --editable --build-directory /home/aa/robot_ws/build/test_num/build --no-deps install_data
[5.462s] INFO:colcon.colcon_core.shell:Creating environment hook '/home/aa/robot_ws/build/test_num/share/test_num/hook/pythonpath_develop.ps1'
[5.463s] INFO:colcon.colcon_core.shell:Creating environment descriptor '/home/aa/robot_ws/build/test_num/share/test_num/hook/pythonpath_develop.dsv'
[5.464s] INFO:colcon.colcon_core.shell:Creating environment hook '/home/aa/robot_ws/build/test_num/share/test_num/hook/pythonpath_develop.sh'
[5.470s] Level 1:colcon.colcon_core.environment:checking '/home/aa/robot_ws/install/test_num' for CMake module files
[5.470s] Level 1:colcon.colcon_core.environment:checking '/home/aa/robot_ws/install/test_num' for CMake config files
[5.471s] Level 1:colcon.colcon_core.environment:checking '/home/aa/robot_ws/install/test_num/lib'
[5.471s] Level 1:colcon.colcon_core.environment:checking '/home/aa/robot_ws/install/test_num/bin'
[5.471s] Level 1:colcon.colcon_core.environment:checking '/home/aa/robot_ws/install/test_num/lib/pkgconfig/test_num.pc'
[5.472s] Level 1:colcon.colcon_core.environment:checking '/home/aa/robot_ws/install/test_num/lib/python3.8/site-packages'
[5.472s] Level 1:colcon.colcon_core.shell:create_environment_hook('test_num', 'pythonpath')
[5.475s] INFO:colcon.colcon_core.shell:Creating environment hook '/home/aa/robot_ws/install/test_num/share/test_num/hook/pythonpath.ps1'
[5.476s] INFO:colcon.colcon_core.shell:Creating environment descriptor '/home/aa/robot_ws/install/test_num/share/test_num/hook/pythonpath.dsv'
[5.476s] INFO:colcon.colcon_core.shell:Creating environment hook '/home/aa/robot_ws/install/test_num/share/test_num/hook/pythonpath.sh'
[5.477s] Level 1:colcon.colcon_core.environment:checking '/home/aa/robot_ws/install/test_num/bin'
[5.477s] Level 1:colcon.colcon_core.environment:create_environment_scripts_only(test_num)
[5.481s] INFO:colcon.colcon_core.shell:Creating package script '/home/aa/robot_ws/install/test_num/share/test_num/package.ps1'
[5.485s] INFO:colcon.colcon_core.shell:Creating package descriptor '/home/aa/robot_ws/install/test_num/share/test_num/package.dsv'
[5.489s] INFO:colcon.colcon_core.shell:Creating package script '/home/aa/robot_ws/install/test_num/share/test_num/package.sh'
[5.490s] INFO:colcon.colcon_core.shell:Creating package script '/home/aa/robot_ws/install/test_num/share/test_num/package.bash'
[5.491s] INFO:colcon.colcon_core.shell:Creating package script '/home/aa/robot_ws/install/test_num/share/test_num/package.zsh'
[5.491s] Level 1:colcon.colcon_core.environment:create_file_with_runtime_dependencies(/home/aa/robot_ws/install/test_num/share/colcon-core/packages/test_num)
[20.453s] DEBUG:colcon.colcon_core.event_handler.log_command:Invoked command in '/home/aa/robot_ws/build/test_interfaces' returned '0': CMAKE_PREFIX_PATH=${CMAKE_PREFIX_PATH}:/home/aa/robot_ws/install/test_num:/home/aa/robot_ws/install/move_turtle_pkg:/opt/ros/foxy /usr/bin/cmake --build /home/aa/robot_ws/build/test_interfaces -- -j2 -l2
[20.604s] DEBUG:colcon.colcon_core.event_handler.log_command:Invoking command in '/home/aa/robot_ws/build/test_interfaces': CMAKE_PREFIX_PATH=${CMAKE_PREFIX_PATH}:/home/aa/robot_ws/install/test_num:/home/aa/robot_ws/install/move_turtle_pkg:/opt/ros/foxy /usr/bin/cmake --install /home/aa/robot_ws/build/test_interfaces
[20.780s] Level 1:colcon.colcon_core.environment:create_environment_scripts_only(test_interfaces)
[20.786s] Level 1:colcon.colcon_core.environment:checking '/home/aa/robot_ws/install/test_interfaces' for CMake module files
[20.786s] DEBUG:colcon.colcon_core.event_handler.log_command:Invoked command in '/home/aa/robot_ws/build/test_interfaces' returned '0': CMAKE_PREFIX_PATH=${CMAKE_PREFIX_PATH}:/home/aa/robot_ws/install/test_num:/home/aa/robot_ws/install/move_turtle_pkg:/opt/ros/foxy /usr/bin/cmake --install /home/aa/robot_ws/build/test_interfaces
[20.787s] Level 1:colcon.colcon_core.environment:checking '/home/aa/robot_ws/install/test_interfaces' for CMake config files
[20.788s] Level 1:colcon.colcon_core.shell:create_environment_hook('test_interfaces', 'cmake_prefix_path')
[20.792s] INFO:colcon.colcon_core.shell:Creating environment hook '/home/aa/robot_ws/install/test_interfaces/share/test_interfaces/hook/cmake_prefix_path.ps1'
[20.793s] INFO:colcon.colcon_core.shell:Creating environment descriptor '/home/aa/robot_ws/install/test_interfaces/share/test_interfaces/hook/cmake_prefix_path.dsv'
[20.793s] INFO:colcon.colcon_core.shell:Creating environment hook '/home/aa/robot_ws/install/test_interfaces/share/test_interfaces/hook/cmake_prefix_path.sh'
[20.794s] Level 1:colcon.colcon_core.environment:checking '/home/aa/robot_ws/install/test_interfaces/lib'
[20.795s] Level 1:colcon.colcon_core.shell:create_environment_hook('test_interfaces', 'ld_library_path_lib')
[20.798s] INFO:colcon.colcon_core.shell:Creating environment hook '/home/aa/robot_ws/install/test_interfaces/share/test_interfaces/hook/ld_library_path_lib.ps1'
[20.799s] INFO:colcon.colcon_core.shell:Creating environment descriptor '/home/aa/robot_ws/install/test_interfaces/share/test_interfaces/hook/ld_library_path_lib.dsv'
[20.800s] INFO:colcon.colcon_core.shell:Creating environment hook '/home/aa/robot_ws/install/test_interfaces/share/test_interfaces/hook/ld_library_path_lib.sh'
[20.800s] Level 1:colcon.colcon_core.environment:checking '/home/aa/robot_ws/install/test_interfaces/bin'
[20.800s] Level 1:colcon.colcon_core.environment:checking '/home/aa/robot_ws/install/test_interfaces/lib/pkgconfig/test_interfaces.pc'
[20.801s] Level 1:colcon.colcon_core.environment:checking '/home/aa/robot_ws/install/test_interfaces/lib/python3.8/site-packages'
[20.801s] Level 1:colcon.colcon_core.shell:create_environment_hook('test_interfaces', 'pythonpath')
[20.805s] INFO:colcon.colcon_core.shell:Creating environment hook '/home/aa/robot_ws/install/test_interfaces/share/test_interfaces/hook/pythonpath.ps1'
[20.805s] INFO:colcon.colcon_core.shell:Creating environment descriptor '/home/aa/robot_ws/install/test_interfaces/share/test_interfaces/hook/pythonpath.dsv'
[20.806s] INFO:colcon.colcon_core.shell:Creating environment hook '/home/aa/robot_ws/install/test_interfaces/share/test_interfaces/hook/pythonpath.sh'
[20.807s] Level 1:colcon.colcon_core.environment:checking '/home/aa/robot_ws/install/test_interfaces/bin'
[20.811s] INFO:colcon.colcon_core.shell:Creating package script '/home/aa/robot_ws/install/test_interfaces/share/test_interfaces/package.ps1'
[20.811s] INFO:colcon.colcon_core.shell:Creating package descriptor '/home/aa/robot_ws/install/test_interfaces/share/test_interfaces/package.dsv'
[20.812s] INFO:colcon.colcon_core.shell:Creating package script '/home/aa/robot_ws/install/test_interfaces/share/test_interfaces/package.sh'
[20.813s] INFO:colcon.colcon_core.shell:Creating package script '/home/aa/robot_ws/install/test_interfaces/share/test_interfaces/package.bash'
[20.814s] INFO:colcon.colcon_core.shell:Creating package script '/home/aa/robot_ws/install/test_interfaces/share/test_interfaces/package.zsh'
[20.814s] Level 1:colcon.colcon_core.environment:create_file_with_runtime_dependencies(/home/aa/robot_ws/install/test_interfaces/share/colcon-core/packages/test_interfaces)
[20.947s] Level 1:colcon.colcon_core.environment:create_environment_scripts_only(test_interfaces)
[20.952s] Level 1:colcon.colcon_core.environment:checking '/home/aa/robot_ws/install/test_interfaces' for CMake module files
[20.953s] Level 1:colcon.colcon_core.environment:checking '/home/aa/robot_ws/install/test_interfaces' for CMake config files
[20.954s] Level 1:colcon.colcon_core.shell:create_environment_hook('test_interfaces', 'cmake_prefix_path')
[20.958s] INFO:colcon.colcon_core.shell:Creating environment hook '/home/aa/robot_ws/install/test_interfaces/share/test_interfaces/hook/cmake_prefix_path.ps1'
[20.959s] INFO:colcon.colcon_core.shell:Creating environment descriptor '/home/aa/robot_ws/install/test_interfaces/share/test_interfaces/hook/cmake_prefix_path.dsv'
[20.960s] INFO:colcon.colcon_core.shell:Creating environment hook '/home/aa/robot_ws/install/test_interfaces/share/test_interfaces/hook/cmake_prefix_path.sh'
[20.960s] Level 1:colcon.colcon_core.environment:checking '/home/aa/robot_ws/install/test_interfaces/lib'
[20.961s] Level 1:colcon.colcon_core.shell:create_environment_hook('test_interfaces', 'ld_library_path_lib')
[20.964s] INFO:colcon.colcon_core.shell:Creating environment hook '/home/aa/robot_ws/install/test_interfaces/share/test_interfaces/hook/ld_library_path_lib.ps1'
[20.965s] INFO:colcon.colcon_core.shell:Creating environment descriptor '/home/aa/robot_ws/install/test_interfaces/share/test_interfaces/hook/ld_library_path_lib.dsv'
[20.965s] INFO:colcon.colcon_core.shell:Creating environment hook '/home/aa/robot_ws/install/test_interfaces/share/test_interfaces/hook/ld_library_path_lib.sh'
[20.966s] Level 1:colcon.colcon_core.environment:checking '/home/aa/robot_ws/install/test_interfaces/bin'
[20.966s] Level 1:colcon.colcon_core.environment:checking '/home/aa/robot_ws/install/test_interfaces/lib/pkgconfig/test_interfaces.pc'
[20.967s] Level 1:colcon.colcon_core.environment:checking '/home/aa/robot_ws/install/test_interfaces/lib/python3.8/site-packages'
[20.967s] Level 1:colcon.colcon_core.shell:create_environment_hook('test_interfaces', 'pythonpath')
[20.970s] INFO:colcon.colcon_core.shell:Creating environment hook '/home/aa/robot_ws/install/test_interfaces/share/test_interfaces/hook/pythonpath.ps1'
[20.971s] INFO:colcon.colcon_core.shell:Creating environment descriptor '/home/aa/robot_ws/install/test_interfaces/share/test_interfaces/hook/pythonpath.dsv'
[20.971s] INFO:colcon.colcon_core.shell:Creating environment hook '/home/aa/robot_ws/install/test_interfaces/share/test_interfaces/hook/pythonpath.sh'
[20.972s] Level 1:colcon.colcon_core.environment:checking '/home/aa/robot_ws/install/test_interfaces/bin'
[20.976s] INFO:colcon.colcon_core.shell:Creating package script '/home/aa/robot_ws/install/test_interfaces/share/test_interfaces/package.ps1'
[20.977s] INFO:colcon.colcon_core.shell:Creating package descriptor '/home/aa/robot_ws/install/test_interfaces/share/test_interfaces/package.dsv'
[20.978s] INFO:colcon.colcon_core.shell:Creating package script '/home/aa/robot_ws/install/test_interfaces/share/test_interfaces/package.sh'
[20.978s] INFO:colcon.colcon_core.shell:Creating package script '/home/aa/robot_ws/install/test_interfaces/share/test_interfaces/package.bash'
[20.979s] INFO:colcon.colcon_core.shell:Creating package script '/home/aa/robot_ws/install/test_interfaces/share/test_interfaces/package.zsh'
[20.980s] Level 1:colcon.colcon_core.environment:create_file_with_runtime_dependencies(/home/aa/robot_ws/install/test_interfaces/share/colcon-core/packages/test_interfaces)
[20.981s] DEBUG:colcon.colcon_parallel_executor.executor.parallel:closing loop
[20.982s] DEBUG:colcon.colcon_parallel_executor.executor.parallel:loop closed
[20.982s] DEBUG:colcon.colcon_parallel_executor.executor.parallel:run_until_complete finished with '0'
[20.982s] DEBUG:colcon.colcon_core.event_reactor:joining thread
[21.005s] INFO:colcon.colcon_core.plugin_system:Skipping extension 'colcon_notification.desktop_notification.terminal_notifier': Not used on non-Darwin systems
[21.006s] INFO:colcon.colcon_core.plugin_system:Skipping extension 'colcon_notification.desktop_notification.win32': Not used on non-Windows systems
[21.006s] INFO:colcon.colcon_notification.desktop_notification:Sending desktop notification using 'notify2'
[21.034s] DEBUG:colcon.colcon_core.event_reactor:joined thread
[21.038s] INFO:colcon.colcon_core.shell:Creating prefix script '/home/aa/robot_ws/install/local_setup.ps1'
[21.040s] INFO:colcon.colcon_core.shell:Creating prefix util module '/home/aa/robot_ws/install/_local_setup_util_ps1.py'
[21.042s] INFO:colcon.colcon_core.shell:Creating prefix chain script '/home/aa/robot_ws/install/setup.ps1'
[21.045s] INFO:colcon.colcon_core.shell:Creating prefix script '/home/aa/robot_ws/install/local_setup.sh'
[21.047s] INFO:colcon.colcon_core.shell:Creating prefix util module '/home/aa/robot_ws/install/_local_setup_util_sh.py'
[21.047s] INFO:colcon.colcon_core.shell:Creating prefix chain script '/home/aa/robot_ws/install/setup.sh'
[21.051s] INFO:colcon.colcon_core.shell:Creating prefix script '/home/aa/robot_ws/install/local_setup.bash'
[21.053s] INFO:colcon.colcon_core.shell:Creating prefix chain script '/home/aa/robot_ws/install/setup.bash'
[21.056s] INFO:colcon.colcon_core.shell:Creating prefix script '/home/aa/robot_ws/install/local_setup.zsh'
[21.057s] INFO:colcon.colcon_core.shell:Creating prefix chain script '/home/aa/robot_ws/install/setup.zsh'
