[0.185s] Invoking command in '/home/aa/robot_ws/build/raspicam2': CMAKE_PREFIX_PATH=${CMAKE_PREFIX_PATH}:/home/aa/robot_ws/install/test_num:/home/aa/robot_ws/install/move_turtle_pkg:/opt/ros/foxy /usr/bin/cmake /home/aa/robot_ws/src/raspicam2_node -DAMENT_CMAKE_SYMLINK_INSTALL=1 -DCMAKE_INSTALL_PREFIX=/home/aa/robot_ws/install/raspicam2
[0.261s] -- The C compiler identification is GNU 9.4.0
[0.308s] -- The CXX compiler identification is GNU 9.4.0
[0.312s] -- Check for working C compiler: /usr/bin/cc
[0.373s] -- Check for working C compiler: /usr/bin/cc -- works
[0.375s] -- Detecting C compiler ABI info
[0.420s] -- Detecting C compiler ABI info - done
[0.429s] -- Detecting C compile features
[0.429s] -- Detecting C compile features - done
[0.431s] -- Check for working CXX compiler: /usr/bin/c++
[0.493s] -- Check for working CXX compiler: /usr/bin/c++ -- works
[0.494s] -- Detecting CXX compiler ABI info
[0.547s] -- Detecting CXX compiler ABI info - done
[0.557s] -- Detecting CXX compile features
[0.557s] -- Detecting CXX compile features - done
[0.559s] -- Found ament_cmake: 0.9.11 (/opt/ros/foxy/share/ament_cmake/cmake)
[0.591s] -- Found PythonInterp: /usr/bin/python3 (found suitable version "3.8.10", minimum required is "3") 
[0.591s] -- Using PYTHON_EXECUTABLE: /usr/bin/python3
[0.710s] -- Override CMake install command with custom implementation using symlinks instead of copying resources
[0.732s] -- Found rclcpp: 2.4.2 (/opt/ros/foxy/share/rclcpp/cmake)
[0.771s] -- Using all available rosidl_typesupport_c: rosidl_typesupport_fastrtps_c;rosidl_typesupport_introspection_c
[0.776s] -- Found rosidl_adapter: 1.3.0 (/opt/ros/foxy/share/rosidl_adapter/cmake)
[0.827s] -- Found OpenSSL: /usr/lib/x86_64-linux-gnu/libcrypto.so (found version "1.1.1f")  
[0.847s] -- Found FastRTPS: /opt/ros/foxy/include  
[0.906s] -- Using all available rosidl_typesupport_cpp: rosidl_typesupport_fastrtps_cpp;rosidl_typesupport_introspection_cpp
[0.950s] -- Found rmw_implementation_cmake: 1.0.3 (/opt/ros/foxy/share/rmw_implementation_cmake/cmake)
[0.951s] -- Using RMW implementation 'rmw_fastrtps_cpp' as default
[0.952s] -- Looking for pthread.h
[0.999s] -- Looking for pthread.h - found
[0.999s] -- Performing Test CMAKE_HAVE_LIBC_PTHREAD
[1.056s] -- Performing Test CMAKE_HAVE_LIBC_PTHREAD - Failed
[1.057s] -- Looking for pthread_create in pthreads
[1.090s] -- Looking for pthread_create in pthreads - not found
[1.090s] -- Looking for pthread_create in pthread
[1.143s] -- Looking for pthread_create in pthread - found
[1.144s] -- Found Threads: TRUE  
[1.245s] -- Found rclcpp_components: 2.4.2 (/opt/ros/foxy/share/rclcpp_components/cmake)
[1.290s] -- Found sensor_msgs: 2.0.5 (/opt/ros/foxy/share/sensor_msgs/cmake)
[1.414s] CMake Error: The following variables are used in this project, but they are set to NOTFOUND.
[1.414s] Please set them or make sure they are set and tested correctly in the CMake files:
[1.414s] bcmhost_LIBS
[1.414s]     linked by target "raspicam_common" in directory /home/aa/robot_ws/src/raspicam2_node
[1.414s] mmal_LIBS
[1.414s]     linked by target "raspicam_common" in directory /home/aa/robot_ws/src/raspicam2_node
[1.414s] mmalcore_LIBS
[1.414s]     linked by target "raspicam_common" in directory /home/aa/robot_ws/src/raspicam2_node
[1.414s] mmalutil_LIBS
[1.414s]     linked by target "raspicam_common" in directory /home/aa/robot_ws/src/raspicam2_node
[1.414s] mmalvcclient_LIBS
[1.414s]     linked by target "raspicam_common" in directory /home/aa/robot_ws/src/raspicam2_node
[1.414s] vcos_LIBS
[1.414s]     linked by target "raspicam_common" in directory /home/aa/robot_ws/src/raspicam2_node
[1.414s] 
[1.414s] -- Configuring incomplete, errors occurred!
[1.414s] See also "/home/aa/robot_ws/build/raspicam2/CMakeFiles/CMakeOutput.log".
[1.414s] See also "/home/aa/robot_ws/build/raspicam2/CMakeFiles/CMakeError.log".
[1.420s] Invoked command in '/home/aa/robot_ws/build/raspicam2' returned '1': CMAKE_PREFIX_PATH=${CMAKE_PREFIX_PATH}:/home/aa/robot_ws/install/test_num:/home/aa/robot_ws/install/move_turtle_pkg:/opt/ros/foxy /usr/bin/cmake /home/aa/robot_ws/src/raspicam2_node -DAMENT_CMAKE_SYMLINK_INSTALL=1 -DCMAKE_INSTALL_PREFIX=/home/aa/robot_ws/install/raspicam2
