[0.000000] (-) TimerEvent: {}
[0.000307] (move_turtle_pkg) JobQueued: {'identifier': 'move_turtle_pkg', 'dependencies': OrderedDict()}
[0.000609] (move_turtle_pkg) JobStarted: {'identifier': 'move_turtle_pkg'}
[0.099819] (-) TimerEvent: {}
[0.200173] (-) TimerEvent: {}
[0.300534] (-) TimerEvent: {}
[0.400810] (-) TimerEvent: {}
[0.446812] (move_turtle_pkg) Command: {'cmd': ['/usr/bin/python3', 'setup.py', 'egg_info', '--egg-base', '../../build/move_turtle_pkg', 'build', '--build-base', '/home/aa/robot_ws/build/move_turtle_pkg/build', 'install', '--record', '/home/aa/robot_ws/build/move_turtle_pkg/install.log', '--install-scripts', '$base/lib/move_turtle_pkg', '--single-version-externally-managed'], 'cwd': '/home/aa/robot_ws/src/move_turtle_pkg', 'env': {'GJS_DEBUG_TOPICS': 'JS ERROR;JS LOG', 'LESSOPEN': '| /usr/bin/lesspipe %s', 'USER': 'aa', 'LC_TIME': 'ko_KR.UTF-8', 'SSH_AGENT_PID': '1149', 'XDG_SESSION_TYPE': 'x11', 'GIT_ASKPASS': '/snap/code/116/usr/share/code/resources/app/extensions/git/dist/askpass.sh', 'SHLVL': '0', 'LD_LIBRARY_PATH': '/usr/lib/x86_64-linux-gnu/gazebo-11/plugins:/opt/ros/foxy/opt/yaml_cpp_vendor/lib:/opt/ros/foxy/opt/rviz_ogre_vendor/lib:/opt/ros/foxy/lib/x86_64-linux-gnu:/opt/ros/foxy/lib', 'HOME': '/home/aa', 'CHROME_DESKTOP': 'code-url-handler.desktop', 'TERM_PROGRAM_VERSION': '1.74.2', 'DESKTOP_SESSION': 'ubuntu', 'GIO_LAUNCHED_DESKTOP_FILE': '/var/lib/snapd/desktop/applications/code_code.desktop', 'ROS_PYTHON_VERSION': '3', 'GNOME_SHELL_SESSION_MODE': 'ubuntu', 'GTK_MODULES': 'gail:atk-bridge', 'VSCODE_GIT_ASKPASS_MAIN': '/snap/code/116/usr/share/code/resources/app/extensions/git/dist/askpass-main.js', 'LC_MONETARY': 'ko_KR.UTF-8', 'VSCODE_GIT_ASKPASS_NODE': '/snap/code/116/usr/share/code/code', 'MANAGERPID': '952', 'DBUS_SESSION_BUS_ADDRESS': 'unix:path=/run/user/1000/bus', 'COLORTERM': 'truecolor', 'GIO_LAUNCHED_DESKTOP_FILE_PID': '2423', 'IM_CONFIG_PHASE': '1', 'COLCON_PREFIX_PATH': '/home/aa/robot_ws/install', 'ROS_DISTRO': 'foxy', 'LOGNAME': 'aa', '_': '/usr/bin/colcon', 'JOURNAL_STREAM': '8:33389', 'ROS_VERSION': '2', 'XDG_SESSION_CLASS': 'user', 'USERNAME': 'aa', 'TERM': 'xterm-256color', 'GNOME_DESKTOP_SESSION_ID': 'this-is-deprecated', 'ROS_LOCALHOST_ONLY': '0', 'WINDOWPATH': '2', 'PATH': '/home/aa/.local/bin:/opt/ros/foxy/bin:/home/aa/.local/bin:/usr/local/sbin:/usr/local/bin:/usr/sbin:/usr/bin:/sbin:/bin:/usr/games:/usr/local/games:/snap/bin', 'SESSION_MANAGER': 'local/aa-Vivobook-ASUSLaptop-X7400PC-N7400PC:@/tmp/.ICE-unix/1187,unix/aa-Vivobook-ASUSLaptop-X7400PC-N7400PC:/tmp/.ICE-unix/1187', 'INVOCATION_ID': '78ffa9b2f9694a978e9c592eeb744ad7', 'XDG_MENU_PREFIX': 'gnome-', 'LC_ADDRESS': 'ko_KR.UTF-8', 'BAMF_DESKTOP_FILE_HINT': '/var/lib/snapd/desktop/applications/code_code.desktop', 'XDG_RUNTIME_DIR': '/run/user/1000', 'GDK_BACKEND': 'x11', 'DISPLAY': ':0', 'LANG': 'en_US.UTF-8', 'XDG_CURRENT_DESKTOP': 'Unity', 'LC_TELEPHONE': 'ko_KR.UTF-8', 'XMODIFIERS': '@im=ibus', 'XDG_SESSION_DESKTOP': 'ubuntu', 'XAUTHORITY': '/run/user/1000/gdm/Xauthority', 'VSCODE_GIT_IPC_HANDLE': '/run/user/1000/vscode-git-5e4a506ca9.sock', 'TERM_PROGRAM': 'vscode', 'SSH_AUTH_SOCK': '/run/user/1000/keyring/ssh', 'GSETTINGS_SCHEMA_DIR': '/snap/code/116/usr/share/glib-2.0/schemas', 'ROS_DOMAIN_ID': '30', 'AMENT_PREFIX_PATH': '/opt/ros/foxy', 'ORIGINAL_XDG_CURRENT_DESKTOP': 'ubuntu:GNOME', 'SHELL': '/bin/bash', 'LC_NAME': 'ko_KR.UTF-8', 'QT_ACCESSIBILITY': '1', 'GDMSESSION': 'ubuntu', 'LESSCLOSE': '/usr/bin/lesspipe %s %s', 'LC_MEASUREMENT': 'ko_KR.UTF-8', 'GPG_AGENT_INFO': '/run/user/1000/gnupg/S.gpg-agent:0:1', 'GJS_DEBUG_OUTPUT': 'stderr', 'LC_IDENTIFICATION': 'ko_KR.UTF-8', 'VSCODE_GIT_ASKPASS_EXTRA_ARGS': '--ms-enable-electron-run-as-node', 'QT_IM_MODULE': 'ibus', 'PWD': '/home/aa/robot_ws/build/move_turtle_pkg', 'TURTLEBOT3_MODEL': 'burger', 'LC_ALL': 'en_US.UTF-8', 'XDG_CONFIG_DIRS': '/etc/xdg/xdg-ubuntu:/etc/xdg', 'XDG_DATA_DIRS': '/usr/share/ubuntu:/usr/local/share/:/usr/share/:/var/lib/snapd/desktop', 'PYTHONPATH': '/home/aa/robot_ws/build/move_turtle_pkg/prefix_override:/home/aa/robot_ws/install/move_turtle_pkg/lib/python3.8/site-packages:/opt/ros/foxy/lib/python3.8/site-packages', 'LC_NUMERIC': 'ko_KR.UTF-8', 'LC_PAPER': 'ko_KR.UTF-8', 'COLCON': '1'}, 'shell': False}
[0.500922] (-) TimerEvent: {}
[0.577642] (move_turtle_pkg) StdoutLine: {'line': b'running egg_info\n'}
[0.577897] (move_turtle_pkg) StdoutLine: {'line': b'creating ../../build/move_turtle_pkg/move_turtle_pkg.egg-info\n'}
[0.577988] (move_turtle_pkg) StdoutLine: {'line': b'writing ../../build/move_turtle_pkg/move_turtle_pkg.egg-info/PKG-INFO\n'}
[0.578238] (move_turtle_pkg) StdoutLine: {'line': b'writing dependency_links to ../../build/move_turtle_pkg/move_turtle_pkg.egg-info/dependency_links.txt\n'}
[0.578321] (move_turtle_pkg) StdoutLine: {'line': b'writing entry points to ../../build/move_turtle_pkg/move_turtle_pkg.egg-info/entry_points.txt\n'}
[0.578412] (move_turtle_pkg) StdoutLine: {'line': b'writing requirements to ../../build/move_turtle_pkg/move_turtle_pkg.egg-info/requires.txt\n'}
[0.578476] (move_turtle_pkg) StdoutLine: {'line': b'writing top-level names to ../../build/move_turtle_pkg/move_turtle_pkg.egg-info/top_level.txt\n'}
[0.584802] (move_turtle_pkg) StdoutLine: {'line': b"writing manifest file '../../build/move_turtle_pkg/move_turtle_pkg.egg-info/SOURCES.txt'\n"}
[0.600992] (-) TimerEvent: {}
[0.606709] (move_turtle_pkg) StdoutLine: {'line': b"reading manifest file '../../build/move_turtle_pkg/move_turtle_pkg.egg-info/SOURCES.txt'\n"}
[0.607157] (move_turtle_pkg) StdoutLine: {'line': b"writing manifest file '../../build/move_turtle_pkg/move_turtle_pkg.egg-info/SOURCES.txt'\n"}
[0.607277] (move_turtle_pkg) StdoutLine: {'line': b'running build\n'}
[0.607354] (move_turtle_pkg) StdoutLine: {'line': b'running build_py\n'}
[0.607423] (move_turtle_pkg) StdoutLine: {'line': b'creating /home/aa/robot_ws/build/move_turtle_pkg/build\n'}
[0.607480] (move_turtle_pkg) StdoutLine: {'line': b'creating /home/aa/robot_ws/build/move_turtle_pkg/build/lib\n'}
[0.607541] (move_turtle_pkg) StdoutLine: {'line': b'creating /home/aa/robot_ws/build/move_turtle_pkg/build/lib/move_turtle_pkg\n'}
[0.607603] (move_turtle_pkg) StdoutLine: {'line': b'copying move_turtle_pkg/__init__.py -> /home/aa/robot_ws/build/move_turtle_pkg/build/lib/move_turtle_pkg\n'}
[0.607670] (move_turtle_pkg) StdoutLine: {'line': b'copying move_turtle_pkg/move_turtle.py -> /home/aa/robot_ws/build/move_turtle_pkg/build/lib/move_turtle_pkg\n'}
[0.607722] (move_turtle_pkg) StdoutLine: {'line': b'running install\n'}
[0.608231] (move_turtle_pkg) StdoutLine: {'line': b'running install_lib\n'}
[0.608820] (move_turtle_pkg) StdoutLine: {'line': b'creating /home/aa/robot_ws/install/move_turtle_pkg/lib/python3.8/site-packages/move_turtle_pkg\n'}
[0.608878] (move_turtle_pkg) StdoutLine: {'line': b'copying /home/aa/robot_ws/build/move_turtle_pkg/build/lib/move_turtle_pkg/__init__.py -> /home/aa/robot_ws/install/move_turtle_pkg/lib/python3.8/site-packages/move_turtle_pkg\n'}
[0.608935] (move_turtle_pkg) StdoutLine: {'line': b'copying /home/aa/robot_ws/build/move_turtle_pkg/build/lib/move_turtle_pkg/move_turtle.py -> /home/aa/robot_ws/install/move_turtle_pkg/lib/python3.8/site-packages/move_turtle_pkg\n'}
[0.609239] (move_turtle_pkg) StdoutLine: {'line': b'byte-compiling /home/aa/robot_ws/install/move_turtle_pkg/lib/python3.8/site-packages/move_turtle_pkg/__init__.py to __init__.cpython-38.pyc\n'}
[0.610390] (move_turtle_pkg) StdoutLine: {'line': b'byte-compiling /home/aa/robot_ws/install/move_turtle_pkg/lib/python3.8/site-packages/move_turtle_pkg/move_turtle.py to move_turtle.cpython-38.pyc\n'}
[0.610735] (move_turtle_pkg) StdoutLine: {'line': b'running install_data\n'}
[0.611048] (move_turtle_pkg) StdoutLine: {'line': b'creating /home/aa/robot_ws/install/move_turtle_pkg/share/ament_index\n'}
[0.611122] (move_turtle_pkg) StdoutLine: {'line': b'creating /home/aa/robot_ws/install/move_turtle_pkg/share/ament_index/resource_index\n'}
[0.611270] (move_turtle_pkg) StdoutLine: {'line': b'creating /home/aa/robot_ws/install/move_turtle_pkg/share/ament_index/resource_index/packages\n'}
[0.611345] (move_turtle_pkg) StdoutLine: {'line': b'copying resource/move_turtle_pkg -> /home/aa/robot_ws/install/move_turtle_pkg/share/ament_index/resource_index/packages\n'}
[0.611391] (move_turtle_pkg) StdoutLine: {'line': b'copying package.xml -> /home/aa/robot_ws/install/move_turtle_pkg/share/move_turtle_pkg\n'}
[0.611429] (move_turtle_pkg) StdoutLine: {'line': b'running install_egg_info\n'}
[0.612434] (move_turtle_pkg) StdoutLine: {'line': b'Copying ../../build/move_turtle_pkg/move_turtle_pkg.egg-info to /home/aa/robot_ws/install/move_turtle_pkg/lib/python3.8/site-packages/move_turtle_pkg-0.0.0-py3.8.egg-info\n'}
[0.612922] (move_turtle_pkg) StdoutLine: {'line': b'running install_scripts\n'}
[0.624907] (move_turtle_pkg) StdoutLine: {'line': b'Installing hp script to /home/aa/robot_ws/install/move_turtle_pkg/lib/move_turtle_pkg\n'}
[0.625091] (move_turtle_pkg) StdoutLine: {'line': b"writing list of installed files to '/home/aa/robot_ws/build/move_turtle_pkg/install.log'\n"}
[0.640499] (move_turtle_pkg) CommandEnded: {'returncode': 0}
[0.653842] (move_turtle_pkg) JobEnded: {'identifier': 'move_turtle_pkg', 'rc': 0}
[0.654388] (-) EventReactorShutdown: {}
