[1.290s] Invoking command in '/home/aa/robot_ws/build/m_pubsub': PYTHONPATH=/home/aa/robot_ws/build/m_pubsub/prefix_override:/home/aa/robot_ws/install/m_pubsub/lib/python3.8/site-packages:${PYTHONPATH} /usr/bin/python3 setup.py develop --editable --build-directory /home/aa/robot_ws/build/m_pubsub/build --no-deps install_data
[1.611s] running develop
[1.818s] running egg_info
[1.818s] creating m_pubsub.egg-info
[1.819s] writing m_pubsub.egg-info/PKG-INFO
[1.819s] writing dependency_links to m_pubsub.egg-info/dependency_links.txt
[1.820s] writing entry points to m_pubsub.egg-info/entry_points.txt
[1.821s] writing requirements to m_pubsub.egg-info/requires.txt
[1.821s] writing top-level names to m_pubsub.egg-info/top_level.txt
[1.826s] writing manifest file 'm_pubsub.egg-info/SOURCES.txt'
[1.867s] reading manifest file 'm_pubsub.egg-info/SOURCES.txt'
[1.868s] writing manifest file 'm_pubsub.egg-info/SOURCES.txt'
[1.912s] running build_ext
[1.914s] Creating /home/aa/robot_ws/install/m_pubsub/lib/python3.8/site-packages/site.py
[1.917s] Creating /home/aa/robot_ws/install/m_pubsub/lib/python3.8/site-packages/m-pubsub.egg-link (link to .)
[1.918s] Installing mp script to /home/aa/robot_ws/install/m_pubsub/lib/m_pubsub
[1.919s] Installing ms script to /home/aa/robot_ws/install/m_pubsub/lib/m_pubsub
[1.919s] 
[1.920s] Installed /home/aa/robot_ws/build/m_pubsub
[1.921s] running install_data
[1.923s] creating /home/aa/robot_ws/install/m_pubsub/share/ament_index
[1.923s] creating /home/aa/robot_ws/install/m_pubsub/share/ament_index/resource_index
[1.923s] creating /home/aa/robot_ws/install/m_pubsub/share/ament_index/resource_index/packages
[1.924s] copying resource/m_pubsub -> /home/aa/robot_ws/install/m_pubsub/share/ament_index/resource_index/packages
[1.924s] copying package.xml -> /home/aa/robot_ws/install/m_pubsub/share/m_pubsub
[1.960s] Invoked command in '/home/aa/robot_ws/build/m_pubsub' returned '0': PYTHONPATH=/home/aa/robot_ws/build/m_pubsub/prefix_override:/home/aa/robot_ws/install/m_pubsub/lib/python3.8/site-packages:${PYTHONPATH} /usr/bin/python3 setup.py develop --editable --build-directory /home/aa/robot_ws/build/m_pubsub/build --no-deps install_data
