[0.109s] DEBUG:colcon:Command line arguments: ['/usr/bin/colcon', 'build', '--symlink-install']
[0.109s] DEBUG:colcon:Parsed command line arguments: Namespace(allow_overriding=[], ament_cmake_args=None, base_paths=['.'], build_base='build', catkin_cmake_args=None, catkin_skip_building_tests=False, cmake_args=None, cmake_clean_cache=False, cmake_clean_first=False, cmake_force_configure=False, cmake_target=None, cmake_target_skip_unavailable=False, continue_on_error=False, event_handlers=None, executor='parallel', ignore_user_meta=False, install_base='install', log_base=None, log_level=None, main=<bound method BuildVerb.main of <colcon_core.verb.build.BuildVerb object at 0x7f1645212700>>, merge_install=False, metas=['./colcon.meta'], packages_above=None, packages_above_and_dependencies=None, packages_above_depth=None, packages_end=None, packages_ignore=None, packages_ignore_regex=None, packages_select=None, packages_select_build_failed=False, packages_select_by_dep=None, packages_select_regex=None, packages_select_test_failures=False, packages_skip=None, packages_skip_build_finished=False, packages_skip_by_dep=None, packages_skip_regex=None, packages_skip_test_passed=False, packages_skip_up_to=None, packages_start=None, packages_up_to=None, packages_up_to_regex=None, parallel_workers=8, paths=None, symlink_install=True, test_result_base=None, verb_extension=<colcon_core.verb.build.BuildVerb object at 0x7f1645212700>, verb_name='build', verb_parser=<colcon_defaults.argument_parser.defaults.DefaultArgumentsDecorator object at 0x7f1645212c40>)
[0.124s] Level 1:colcon.colcon_core.package_discovery:discover_packages(colcon_meta) check parameters
[0.124s] Level 1:colcon.colcon_core.package_discovery:discover_packages(recursive) check parameters
[0.124s] Level 1:colcon.colcon_core.package_discovery:discover_packages(ignore) check parameters
[0.124s] Level 1:colcon.colcon_core.package_discovery:discover_packages(path) check parameters
[0.124s] Level 1:colcon.colcon_core.package_discovery:discover_packages(colcon_meta) discover
[0.124s] Level 1:colcon.colcon_core.package_discovery:discover_packages(recursive) discover
[0.124s] INFO:colcon.colcon_core.package_discovery:Crawling recursively for packages in '/home/aa/robot_ws'
[0.124s] Level 1:colcon.colcon_core.package_identification:_identify(.) by extensions ['ignore', 'ignore_ament_install']
[0.124s] Level 1:colcon.colcon_core.package_identification:_identify(.) by extension 'ignore'
[0.124s] Level 1:colcon.colcon_core.package_identification:_identify(.) by extension 'ignore_ament_install'
[0.124s] Level 1:colcon.colcon_core.package_identification:_identify(.) by extensions ['colcon_pkg']
[0.124s] Level 1:colcon.colcon_core.package_identification:_identify(.) by extension 'colcon_pkg'
[0.124s] Level 1:colcon.colcon_core.package_identification:_identify(.) by extensions ['colcon_meta']
[0.124s] Level 1:colcon.colcon_core.package_identification:_identify(.) by extension 'colcon_meta'
[0.125s] Level 1:colcon.colcon_core.package_identification:_identify(.) by extensions ['ros']
[0.125s] Level 1:colcon.colcon_core.package_identification:_identify(.) by extension 'ros'
[0.137s] Level 1:colcon.colcon_core.package_identification:_identify(.) by extensions ['cmake', 'python']
[0.137s] Level 1:colcon.colcon_core.package_identification:_identify(.) by extension 'cmake'
[0.137s] Level 1:colcon.colcon_core.package_identification:_identify(.) by extension 'python'
[0.137s] Level 1:colcon.colcon_core.package_identification:_identify(.) by extensions ['python_setup_py']
[0.137s] Level 1:colcon.colcon_core.package_identification:_identify(.) by extension 'python_setup_py'
[0.137s] Level 1:colcon.colcon_core.package_identification:_identify(build) by extensions ['ignore', 'ignore_ament_install']
[0.137s] Level 1:colcon.colcon_core.package_identification:_identify(build) by extension 'ignore'
[0.137s] Level 1:colcon.colcon_core.package_identification:_identify(build) ignored
[0.137s] Level 1:colcon.colcon_core.package_identification:_identify(install) by extensions ['ignore', 'ignore_ament_install']
[0.137s] Level 1:colcon.colcon_core.package_identification:_identify(install) by extension 'ignore'
[0.137s] Level 1:colcon.colcon_core.package_identification:_identify(install) ignored
[0.137s] Level 1:colcon.colcon_core.package_identification:_identify(log) by extensions ['ignore', 'ignore_ament_install']
[0.137s] Level 1:colcon.colcon_core.package_identification:_identify(log) by extension 'ignore'
[0.137s] Level 1:colcon.colcon_core.package_identification:_identify(log) ignored
[0.137s] Level 1:colcon.colcon_core.package_identification:_identify(src) by extensions ['ignore', 'ignore_ament_install']
[0.138s] Level 1:colcon.colcon_core.package_identification:_identify(src) by extension 'ignore'
[0.138s] Level 1:colcon.colcon_core.package_identification:_identify(src) by extension 'ignore_ament_install'
[0.138s] Level 1:colcon.colcon_core.package_identification:_identify(src) by extensions ['colcon_pkg']
[0.138s] Level 1:colcon.colcon_core.package_identification:_identify(src) by extension 'colcon_pkg'
[0.138s] Level 1:colcon.colcon_core.package_identification:_identify(src) by extensions ['colcon_meta']
[0.138s] Level 1:colcon.colcon_core.package_identification:_identify(src) by extension 'colcon_meta'
[0.138s] Level 1:colcon.colcon_core.package_identification:_identify(src) by extensions ['ros']
[0.138s] Level 1:colcon.colcon_core.package_identification:_identify(src) by extension 'ros'
[0.138s] Level 1:colcon.colcon_core.package_identification:_identify(src) by extensions ['cmake', 'python']
[0.138s] Level 1:colcon.colcon_core.package_identification:_identify(src) by extension 'cmake'
[0.138s] Level 1:colcon.colcon_core.package_identification:_identify(src) by extension 'python'
[0.138s] Level 1:colcon.colcon_core.package_identification:_identify(src) by extensions ['python_setup_py']
[0.138s] Level 1:colcon.colcon_core.package_identification:_identify(src) by extension 'python_setup_py'
[0.138s] Level 1:colcon.colcon_core.package_identification:_identify(src/move_turtle_pkg) by extensions ['ignore', 'ignore_ament_install']
[0.138s] Level 1:colcon.colcon_core.package_identification:_identify(src/move_turtle_pkg) by extension 'ignore'
[0.138s] Level 1:colcon.colcon_core.package_identification:_identify(src/move_turtle_pkg) by extension 'ignore_ament_install'
[0.138s] Level 1:colcon.colcon_core.package_identification:_identify(src/move_turtle_pkg) by extensions ['colcon_pkg']
[0.138s] Level 1:colcon.colcon_core.package_identification:_identify(src/move_turtle_pkg) by extension 'colcon_pkg'
[0.138s] Level 1:colcon.colcon_core.package_identification:_identify(src/move_turtle_pkg) by extensions ['colcon_meta']
[0.138s] Level 1:colcon.colcon_core.package_identification:_identify(src/move_turtle_pkg) by extension 'colcon_meta'
[0.138s] Level 1:colcon.colcon_core.package_identification:_identify(src/move_turtle_pkg) by extensions ['ros']
[0.138s] Level 1:colcon.colcon_core.package_identification:_identify(src/move_turtle_pkg) by extension 'ros'
[0.140s] DEBUG:colcon.colcon_core.package_identification:Package 'src/move_turtle_pkg' with type 'ros.ament_python' and name 'move_turtle_pkg'
[0.140s] Level 1:colcon.colcon_core.package_identification:_identify(src/test_interfaces) by extensions ['ignore', 'ignore_ament_install']
[0.140s] Level 1:colcon.colcon_core.package_identification:_identify(src/test_interfaces) by extension 'ignore'
[0.140s] Level 1:colcon.colcon_core.package_identification:_identify(src/test_interfaces) by extension 'ignore_ament_install'
[0.140s] Level 1:colcon.colcon_core.package_identification:_identify(src/test_interfaces) by extensions ['colcon_pkg']
[0.140s] Level 1:colcon.colcon_core.package_identification:_identify(src/test_interfaces) by extension 'colcon_pkg'
[0.140s] Level 1:colcon.colcon_core.package_identification:_identify(src/test_interfaces) by extensions ['colcon_meta']
[0.140s] Level 1:colcon.colcon_core.package_identification:_identify(src/test_interfaces) by extension 'colcon_meta'
[0.140s] Level 1:colcon.colcon_core.package_identification:_identify(src/test_interfaces) by extensions ['ros']
[0.140s] Level 1:colcon.colcon_core.package_identification:_identify(src/test_interfaces) by extension 'ros'
[0.140s] DEBUG:colcon.colcon_core.package_identification:Package 'src/test_interfaces' with type 'ros.ament_cmake' and name 'test_interfaces'
[0.140s] Level 1:colcon.colcon_core.package_discovery:discover_packages(recursive) using defaults
[0.140s] Level 1:colcon.colcon_core.package_discovery:discover_packages(ignore) discover
[0.140s] Level 1:colcon.colcon_core.package_discovery:discover_packages(ignore) using defaults
[0.140s] Level 1:colcon.colcon_core.package_discovery:discover_packages(path) discover
[0.140s] Level 1:colcon.colcon_core.package_discovery:discover_packages(path) using defaults
[0.155s] Level 1:colcon.colcon_core.package_discovery:discover_packages(prefix_path) check parameters
[0.155s] Level 1:colcon.colcon_core.package_discovery:discover_packages(prefix_path) discover
[0.157s] DEBUG:colcon.colcon_installed_package_information.package_discovery:Found 1 installed packages in /home/aa/robot_ws/install
[0.159s] DEBUG:colcon.colcon_installed_package_information.package_discovery:Found 332 installed packages in /opt/ros/foxy
[0.160s] Level 1:colcon.colcon_core.package_discovery:discover_packages(prefix_path) using defaults
[0.206s] Level 5:colcon.colcon_core.verb:set package 'move_turtle_pkg' build argument 'cmake_args' from command line to 'None'
[0.206s] Level 5:colcon.colcon_core.verb:set package 'move_turtle_pkg' build argument 'cmake_target' from command line to 'None'
[0.206s] Level 5:colcon.colcon_core.verb:set package 'move_turtle_pkg' build argument 'cmake_target_skip_unavailable' from command line to 'False'
[0.206s] Level 5:colcon.colcon_core.verb:set package 'move_turtle_pkg' build argument 'cmake_clean_cache' from command line to 'False'
[0.206s] Level 5:colcon.colcon_core.verb:set package 'move_turtle_pkg' build argument 'cmake_clean_first' from command line to 'False'
[0.206s] Level 5:colcon.colcon_core.verb:set package 'move_turtle_pkg' build argument 'cmake_force_configure' from command line to 'False'
[0.206s] Level 5:colcon.colcon_core.verb:set package 'move_turtle_pkg' build argument 'ament_cmake_args' from command line to 'None'
[0.206s] Level 5:colcon.colcon_core.verb:set package 'move_turtle_pkg' build argument 'catkin_cmake_args' from command line to 'None'
[0.207s] Level 5:colcon.colcon_core.verb:set package 'move_turtle_pkg' build argument 'catkin_skip_building_tests' from command line to 'False'
[0.207s] DEBUG:colcon.colcon_core.verb:Building package 'move_turtle_pkg' with the following arguments: {'ament_cmake_args': None, 'build_base': '/home/aa/robot_ws/build/move_turtle_pkg', 'catkin_cmake_args': None, 'catkin_skip_building_tests': False, 'cmake_args': None, 'cmake_clean_cache': False, 'cmake_clean_first': False, 'cmake_force_configure': False, 'cmake_target': None, 'cmake_target_skip_unavailable': False, 'install_base': '/home/aa/robot_ws/install/move_turtle_pkg', 'merge_install': False, 'path': '/home/aa/robot_ws/src/move_turtle_pkg', 'symlink_install': True, 'test_result_base': None}
[0.207s] Level 5:colcon.colcon_core.verb:set package 'test_interfaces' build argument 'cmake_args' from command line to 'None'
[0.207s] Level 5:colcon.colcon_core.verb:set package 'test_interfaces' build argument 'cmake_target' from command line to 'None'
[0.207s] Level 5:colcon.colcon_core.verb:set package 'test_interfaces' build argument 'cmake_target_skip_unavailable' from command line to 'False'
[0.207s] Level 5:colcon.colcon_core.verb:set package 'test_interfaces' build argument 'cmake_clean_cache' from command line to 'False'
[0.207s] Level 5:colcon.colcon_core.verb:set package 'test_interfaces' build argument 'cmake_clean_first' from command line to 'False'
[0.208s] Level 5:colcon.colcon_core.verb:set package 'test_interfaces' build argument 'cmake_force_configure' from command line to 'False'
[0.208s] Level 5:colcon.colcon_core.verb:set package 'test_interfaces' build argument 'ament_cmake_args' from command line to 'None'
[0.208s] Level 5:colcon.colcon_core.verb:set package 'test_interfaces' build argument 'catkin_cmake_args' from command line to 'None'
[0.208s] Level 5:colcon.colcon_core.verb:set package 'test_interfaces' build argument 'catkin_skip_building_tests' from command line to 'False'
[0.208s] DEBUG:colcon.colcon_core.verb:Building package 'test_interfaces' with the following arguments: {'ament_cmake_args': None, 'build_base': '/home/aa/robot_ws/build/test_interfaces', 'catkin_cmake_args': None, 'catkin_skip_building_tests': False, 'cmake_args': None, 'cmake_clean_cache': False, 'cmake_clean_first': False, 'cmake_force_configure': False, 'cmake_target': None, 'cmake_target_skip_unavailable': False, 'install_base': '/home/aa/robot_ws/install/test_interfaces', 'merge_install': False, 'path': '/home/aa/robot_ws/src/test_interfaces', 'symlink_install': True, 'test_result_base': None}
[0.208s] INFO:colcon.colcon_core.executor:Executing jobs using 'parallel' executor
[0.213s] DEBUG:colcon.colcon_parallel_executor.executor.parallel:run_until_complete
[0.213s] INFO:colcon.colcon_ros.task.ament_python.build:Building ROS package in '/home/aa/robot_ws/src/move_turtle_pkg' with build type 'ament_python'
[0.213s] Level 1:colcon.colcon_core.shell:create_environment_hook('move_turtle_pkg', 'ament_prefix_path')
[0.219s] INFO:colcon.colcon_core.plugin_system:Skipping extension 'colcon_core.shell.bat': Not used on non-Windows systems
[0.219s] INFO:colcon.colcon_core.shell:Creating environment hook '/home/aa/robot_ws/install/move_turtle_pkg/share/move_turtle_pkg/hook/ament_prefix_path.ps1'
[0.220s] INFO:colcon.colcon_core.shell:Creating environment descriptor '/home/aa/robot_ws/install/move_turtle_pkg/share/move_turtle_pkg/hook/ament_prefix_path.dsv'
[0.220s] INFO:colcon.colcon_core.shell:Creating environment hook '/home/aa/robot_ws/install/move_turtle_pkg/share/move_turtle_pkg/hook/ament_prefix_path.sh'
[0.223s] INFO:colcon.colcon_core.shell:Skip shell extension 'powershell' for command environment: Not usable outside of PowerShell
[0.224s] DEBUG:colcon.colcon_core.shell:Skip shell extension 'dsv' for command environment
[0.229s] INFO:colcon.colcon_ros.task.ament_cmake.build:Building ROS package in '/home/aa/robot_ws/src/test_interfaces' with build type 'ament_cmake'
[0.229s] INFO:colcon.colcon_cmake.task.cmake.build:Building CMake package in '/home/aa/robot_ws/src/test_interfaces'
[0.231s] INFO:colcon.colcon_core.shell:Skip shell extension 'powershell' for command environment: Not usable outside of PowerShell
[0.232s] DEBUG:colcon.colcon_core.shell:Skip shell extension 'dsv' for command environment
[0.386s] INFO:colcon.colcon_core.task.python.build:Building Python package in '/home/aa/robot_ws/src/move_turtle_pkg'
[0.388s] INFO:colcon.colcon_core.shell:Skip shell extension 'powershell' for command environment: Not usable outside of PowerShell
[0.388s] DEBUG:colcon.colcon_core.shell:Skip shell extension 'dsv' for command environment
[0.394s] DEBUG:colcon.colcon_core.event_handler.log_command:Invoking command in '/home/aa/robot_ws/build/test_interfaces': CMAKE_PREFIX_PATH=/home/aa/robot_ws/install/move_turtle_pkg:/opt/ros/foxy /usr/bin/cmake /home/aa/robot_ws/src/test_interfaces -DAMENT_CMAKE_SYMLINK_INSTALL=1 -DCMAKE_INSTALL_PREFIX=/home/aa/robot_ws/install/test_interfaces
[0.664s] DEBUG:colcon.colcon_core.event_handler.log_command:Invoking command in '/home/aa/robot_ws/build/move_turtle_pkg': PYTHONPATH=/home/aa/robot_ws/build/move_turtle_pkg/prefix_override:/home/aa/robot_ws/install/move_turtle_pkg/lib/python3.8/site-packages:${PYTHONPATH} /usr/bin/python3 setup.py develop --editable --build-directory /home/aa/robot_ws/build/move_turtle_pkg/build --no-deps install_data
[0.966s] Level 1:colcon.colcon_core.shell:create_environment_hook('move_turtle_pkg', 'pythonpath_develop')
[0.968s] INFO:colcon.colcon_core.shell:Creating environment hook '/home/aa/robot_ws/build/move_turtle_pkg/share/move_turtle_pkg/hook/pythonpath_develop.ps1'
[0.968s] DEBUG:colcon.colcon_core.event_handler.log_command:Invoked command in '/home/aa/robot_ws/build/move_turtle_pkg' returned '0': PYTHONPATH=/home/aa/robot_ws/build/move_turtle_pkg/prefix_override:/home/aa/robot_ws/install/move_turtle_pkg/lib/python3.8/site-packages:${PYTHONPATH} /usr/bin/python3 setup.py develop --editable --build-directory /home/aa/robot_ws/build/move_turtle_pkg/build --no-deps install_data
[0.968s] INFO:colcon.colcon_core.shell:Creating environment descriptor '/home/aa/robot_ws/build/move_turtle_pkg/share/move_turtle_pkg/hook/pythonpath_develop.dsv'
[0.969s] INFO:colcon.colcon_core.shell:Creating environment hook '/home/aa/robot_ws/build/move_turtle_pkg/share/move_turtle_pkg/hook/pythonpath_develop.sh'
[0.974s] Level 1:colcon.colcon_core.environment:checking '/home/aa/robot_ws/install/move_turtle_pkg' for CMake module files
[0.974s] Level 1:colcon.colcon_core.environment:checking '/home/aa/robot_ws/install/move_turtle_pkg' for CMake config files
[0.975s] Level 1:colcon.colcon_core.environment:checking '/home/aa/robot_ws/install/move_turtle_pkg/lib'
[0.975s] Level 1:colcon.colcon_core.environment:checking '/home/aa/robot_ws/install/move_turtle_pkg/bin'
[0.975s] Level 1:colcon.colcon_core.environment:checking '/home/aa/robot_ws/install/move_turtle_pkg/lib/pkgconfig/move_turtle_pkg.pc'
[0.975s] Level 1:colcon.colcon_core.environment:checking '/home/aa/robot_ws/install/move_turtle_pkg/lib/python3.8/site-packages'
[0.975s] Level 1:colcon.colcon_core.shell:create_environment_hook('move_turtle_pkg', 'pythonpath')
[0.977s] INFO:colcon.colcon_core.shell:Creating environment hook '/home/aa/robot_ws/install/move_turtle_pkg/share/move_turtle_pkg/hook/pythonpath.ps1'
[0.977s] INFO:colcon.colcon_core.shell:Creating environment descriptor '/home/aa/robot_ws/install/move_turtle_pkg/share/move_turtle_pkg/hook/pythonpath.dsv'
[0.977s] INFO:colcon.colcon_core.shell:Creating environment hook '/home/aa/robot_ws/install/move_turtle_pkg/share/move_turtle_pkg/hook/pythonpath.sh'
[0.977s] Level 1:colcon.colcon_core.environment:checking '/home/aa/robot_ws/install/move_turtle_pkg/bin'
[0.977s] Level 1:colcon.colcon_core.environment:create_environment_scripts_only(move_turtle_pkg)
[0.979s] INFO:colcon.colcon_core.shell:Creating package script '/home/aa/robot_ws/install/move_turtle_pkg/share/move_turtle_pkg/package.ps1'
[0.979s] INFO:colcon.colcon_core.shell:Creating package descriptor '/home/aa/robot_ws/install/move_turtle_pkg/share/move_turtle_pkg/package.dsv'
[0.980s] INFO:colcon.colcon_core.shell:Creating package script '/home/aa/robot_ws/install/move_turtle_pkg/share/move_turtle_pkg/package.sh'
[0.980s] INFO:colcon.colcon_core.shell:Creating package script '/home/aa/robot_ws/install/move_turtle_pkg/share/move_turtle_pkg/package.bash'
[0.981s] INFO:colcon.colcon_core.shell:Creating package script '/home/aa/robot_ws/install/move_turtle_pkg/share/move_turtle_pkg/package.zsh'
[0.981s] Level 1:colcon.colcon_core.environment:create_file_with_runtime_dependencies(/home/aa/robot_ws/install/move_turtle_pkg/share/colcon-core/packages/move_turtle_pkg)
[1.265s] DEBUG:colcon.colcon_core.event_handler.log_command:Invoked command in '/home/aa/robot_ws/build/test_interfaces' returned '1': CMAKE_PREFIX_PATH=/home/aa/robot_ws/install/move_turtle_pkg:/opt/ros/foxy /usr/bin/cmake /home/aa/robot_ws/src/test_interfaces -DAMENT_CMAKE_SYMLINK_INSTALL=1 -DCMAKE_INSTALL_PREFIX=/home/aa/robot_ws/install/test_interfaces
[1.274s] Level 1:colcon.colcon_core.environment:create_environment_scripts_only(test_interfaces)
[1.277s] Level 1:colcon.colcon_core.environment:checking '/home/aa/robot_ws/install/test_interfaces' for CMake module files
[1.277s] Level 1:colcon.colcon_core.environment:checking '/home/aa/robot_ws/install/test_interfaces' for CMake config files
[1.277s] Level 1:colcon.colcon_core.environment:checking '/home/aa/robot_ws/install/test_interfaces/bin'
[1.277s] Level 1:colcon.colcon_core.environment:checking '/home/aa/robot_ws/install/test_interfaces/lib/pkgconfig/test_interfaces.pc'
[1.277s] Level 1:colcon.colcon_core.environment:checking '/home/aa/robot_ws/install/test_interfaces/lib/python3.8/site-packages'
[1.277s] Level 1:colcon.colcon_core.environment:checking '/home/aa/robot_ws/install/test_interfaces/bin'
[1.279s] INFO:colcon.colcon_core.shell:Creating package script '/home/aa/robot_ws/install/test_interfaces/share/test_interfaces/package.ps1'
[1.279s] INFO:colcon.colcon_core.shell:Creating package descriptor '/home/aa/robot_ws/install/test_interfaces/share/test_interfaces/package.dsv'
[1.279s] INFO:colcon.colcon_core.shell:Creating package script '/home/aa/robot_ws/install/test_interfaces/share/test_interfaces/package.sh'
[1.280s] INFO:colcon.colcon_core.shell:Creating package script '/home/aa/robot_ws/install/test_interfaces/share/test_interfaces/package.bash'
[1.280s] INFO:colcon.colcon_core.shell:Creating package script '/home/aa/robot_ws/install/test_interfaces/share/test_interfaces/package.zsh'
[1.280s] Level 1:colcon.colcon_core.environment:create_file_with_runtime_dependencies(/home/aa/robot_ws/install/test_interfaces/share/colcon-core/packages/test_interfaces)
[1.290s] DEBUG:colcon.colcon_parallel_executor.executor.parallel:closing loop
[1.290s] DEBUG:colcon.colcon_parallel_executor.executor.parallel:loop closed
[1.291s] DEBUG:colcon.colcon_parallel_executor.executor.parallel:run_until_complete finished with '1'
[1.291s] DEBUG:colcon.colcon_core.event_reactor:joining thread
[1.297s] INFO:colcon.colcon_core.plugin_system:Skipping extension 'colcon_notification.desktop_notification.terminal_notifier': Not used on non-Darwin systems
[1.297s] INFO:colcon.colcon_core.plugin_system:Skipping extension 'colcon_notification.desktop_notification.win32': Not used on non-Windows systems
[1.297s] INFO:colcon.colcon_notification.desktop_notification:Sending desktop notification using 'notify2'
[1.310s] DEBUG:colcon.colcon_core.event_reactor:joined thread
[1.313s] INFO:colcon.colcon_core.shell:Creating prefix script '/home/aa/robot_ws/install/local_setup.ps1'
[1.314s] INFO:colcon.colcon_core.shell:Creating prefix util module '/home/aa/robot_ws/install/_local_setup_util_ps1.py'
[1.315s] INFO:colcon.colcon_core.shell:Creating prefix chain script '/home/aa/robot_ws/install/setup.ps1'
[1.317s] INFO:colcon.colcon_core.shell:Creating prefix script '/home/aa/robot_ws/install/local_setup.sh'
[1.317s] INFO:colcon.colcon_core.shell:Creating prefix util module '/home/aa/robot_ws/install/_local_setup_util_sh.py'
[1.318s] INFO:colcon.colcon_core.shell:Creating prefix chain script '/home/aa/robot_ws/install/setup.sh'
[1.320s] INFO:colcon.colcon_core.shell:Creating prefix script '/home/aa/robot_ws/install/local_setup.bash'
[1.320s] INFO:colcon.colcon_core.shell:Creating prefix chain script '/home/aa/robot_ws/install/setup.bash'
[1.321s] INFO:colcon.colcon_core.shell:Creating prefix script '/home/aa/robot_ws/install/local_setup.zsh'
[1.322s] INFO:colcon.colcon_core.shell:Creating prefix chain script '/home/aa/robot_ws/install/setup.zsh'
