[1.192s] Invoking command in '/home/aa/robot_ws/build/m_pubsub': PYTHONPATH=/home/aa/robot_ws/build/m_pubsub/prefix_override:/home/aa/robot_ws/install/m_pubsub/lib/python3.8/site-packages:${PYTHONPATH} /usr/bin/python3 setup.py develop --editable --build-directory /home/aa/robot_ws/build/m_pubsub/build --no-deps install_data
[1.500s] running develop
[1.679s] running egg_info
[1.679s] writing m_pubsub.egg-info/PKG-INFO
[1.680s] writing dependency_links to m_pubsub.egg-info/dependency_links.txt
[1.680s] writing entry points to m_pubsub.egg-info/entry_points.txt
[1.681s] writing requirements to m_pubsub.egg-info/requires.txt
[1.681s] writing top-level names to m_pubsub.egg-info/top_level.txt
[1.723s] reading manifest file 'm_pubsub.egg-info/SOURCES.txt'
[1.724s] writing manifest file 'm_pubsub.egg-info/SOURCES.txt'
[1.775s] running build_ext
[1.776s] Creating /home/aa/robot_ws/install/m_pubsub/lib/python3.8/site-packages/m-pubsub.egg-link (link to .)
[1.777s] Installing met script to /home/aa/robot_ws/install/m_pubsub/lib/m_pubsub
[1.778s] Installing metp script to /home/aa/robot_ws/install/m_pubsub/lib/m_pubsub
[1.778s] Installing mp script to /home/aa/robot_ws/install/m_pubsub/lib/m_pubsub
[1.779s] Installing ms script to /home/aa/robot_ws/install/m_pubsub/lib/m_pubsub
[1.779s] Installing mt script to /home/aa/robot_ws/install/m_pubsub/lib/m_pubsub
[1.780s] 
[1.780s] Installed /home/aa/robot_ws/build/m_pubsub
[1.780s] running install_data
[1.813s] Invoked command in '/home/aa/robot_ws/build/m_pubsub' returned '0': PYTHONPATH=/home/aa/robot_ws/build/m_pubsub/prefix_override:/home/aa/robot_ws/install/m_pubsub/lib/python3.8/site-packages:${PYTHONPATH} /usr/bin/python3 setup.py develop --editable --build-directory /home/aa/robot_ws/build/m_pubsub/build --no-deps install_data
