running egg_info
creating ../../build/move_turtle_pkg/move_turtle_pkg.egg-info
writing ../../build/move_turtle_pkg/move_turtle_pkg.egg-info/PKG-INFO
writing dependency_links to ../../build/move_turtle_pkg/move_turtle_pkg.egg-info/dependency_links.txt
writing entry points to ../../build/move_turtle_pkg/move_turtle_pkg.egg-info/entry_points.txt
writing requirements to ../../build/move_turtle_pkg/move_turtle_pkg.egg-info/requires.txt
writing top-level names to ../../build/move_turtle_pkg/move_turtle_pkg.egg-info/top_level.txt
writing manifest file '../../build/move_turtle_pkg/move_turtle_pkg.egg-info/SOURCES.txt'
reading manifest file '../../build/move_turtle_pkg/move_turtle_pkg.egg-info/SOURCES.txt'
writing manifest file '../../build/move_turtle_pkg/move_turtle_pkg.egg-info/SOURCES.txt'
running build
running build_py
creating /home/aa/robot_ws/build/move_turtle_pkg/build
creating /home/aa/robot_ws/build/move_turtle_pkg/build/lib
creating /home/aa/robot_ws/build/move_turtle_pkg/build/lib/move_turtle_pkg
copying move_turtle_pkg/__init__.py -> /home/aa/robot_ws/build/move_turtle_pkg/build/lib/move_turtle_pkg
copying move_turtle_pkg/move_turtle.py -> /home/aa/robot_ws/build/move_turtle_pkg/build/lib/move_turtle_pkg
running install
running install_lib
creating /home/aa/robot_ws/install/move_turtle_pkg/lib/python3.8/site-packages/move_turtle_pkg
copying /home/aa/robot_ws/build/move_turtle_pkg/build/lib/move_turtle_pkg/__init__.py -> /home/aa/robot_ws/install/move_turtle_pkg/lib/python3.8/site-packages/move_turtle_pkg
copying /home/aa/robot_ws/build/move_turtle_pkg/build/lib/move_turtle_pkg/move_turtle.py -> /home/aa/robot_ws/install/move_turtle_pkg/lib/python3.8/site-packages/move_turtle_pkg
byte-compiling /home/aa/robot_ws/install/move_turtle_pkg/lib/python3.8/site-packages/move_turtle_pkg/__init__.py to __init__.cpython-38.pyc
byte-compiling /home/aa/robot_ws/install/move_turtle_pkg/lib/python3.8/site-packages/move_turtle_pkg/move_turtle.py to move_turtle.cpython-38.pyc
running install_data
creating /home/aa/robot_ws/install/move_turtle_pkg/share/ament_index
creating /home/aa/robot_ws/install/move_turtle_pkg/share/ament_index/resource_index
creating /home/aa/robot_ws/install/move_turtle_pkg/share/ament_index/resource_index/packages
copying resource/move_turtle_pkg -> /home/aa/robot_ws/install/move_turtle_pkg/share/ament_index/resource_index/packages
copying package.xml -> /home/aa/robot_ws/install/move_turtle_pkg/share/move_turtle_pkg
running install_egg_info
Copying ../../build/move_turtle_pkg/move_turtle_pkg.egg-info to /home/aa/robot_ws/install/move_turtle_pkg/lib/python3.8/site-packages/move_turtle_pkg-0.0.0-py3.8.egg-info
running install_scripts
Installing hp script to /home/aa/robot_ws/install/move_turtle_pkg/lib/move_turtle_pkg
writing list of installed files to '/home/aa/robot_ws/build/move_turtle_pkg/install.log'
