[0.449s] Invoking command in '/home/aa/robot_ws/src/move_turtle_pkg': PYTHONPATH=/home/aa/robot_ws/build/move_turtle_pkg/prefix_override:/home/aa/robot_ws/install/move_turtle_pkg/lib/python3.8/site-packages:${PYTHONPATH} /usr/bin/python3 setup.py egg_info --egg-base ../../build/move_turtle_pkg build --build-base /home/aa/robot_ws/build/move_turtle_pkg/build install --record /home/aa/robot_ws/build/move_turtle_pkg/install.log --install-scripts $base/lib/move_turtle_pkg --single-version-externally-managed
[0.577s] running egg_info
[0.577s] creating ../../build/move_turtle_pkg/move_turtle_pkg.egg-info
[0.577s] writing ../../build/move_turtle_pkg/move_turtle_pkg.egg-info/PKG-INFO
[0.578s] writing dependency_links to ../../build/move_turtle_pkg/move_turtle_pkg.egg-info/dependency_links.txt
[0.578s] writing entry points to ../../build/move_turtle_pkg/move_turtle_pkg.egg-info/entry_points.txt
[0.578s] writing requirements to ../../build/move_turtle_pkg/move_turtle_pkg.egg-info/requires.txt
[0.578s] writing top-level names to ../../build/move_turtle_pkg/move_turtle_pkg.egg-info/top_level.txt
[0.584s] writing manifest file '../../build/move_turtle_pkg/move_turtle_pkg.egg-info/SOURCES.txt'
[0.606s] reading manifest file '../../build/move_turtle_pkg/move_turtle_pkg.egg-info/SOURCES.txt'
[0.606s] writing manifest file '../../build/move_turtle_pkg/move_turtle_pkg.egg-info/SOURCES.txt'
[0.607s] running build
[0.607s] running build_py
[0.607s] creating /home/aa/robot_ws/build/move_turtle_pkg/build
[0.607s] creating /home/aa/robot_ws/build/move_turtle_pkg/build/lib
[0.607s] creating /home/aa/robot_ws/build/move_turtle_pkg/build/lib/move_turtle_pkg
[0.607s] copying move_turtle_pkg/__init__.py -> /home/aa/robot_ws/build/move_turtle_pkg/build/lib/move_turtle_pkg
[0.607s] copying move_turtle_pkg/move_turtle.py -> /home/aa/robot_ws/build/move_turtle_pkg/build/lib/move_turtle_pkg
[0.607s] running install
[0.607s] running install_lib
[0.608s] creating /home/aa/robot_ws/install/move_turtle_pkg/lib/python3.8/site-packages/move_turtle_pkg
[0.608s] copying /home/aa/robot_ws/build/move_turtle_pkg/build/lib/move_turtle_pkg/__init__.py -> /home/aa/robot_ws/install/move_turtle_pkg/lib/python3.8/site-packages/move_turtle_pkg
[0.608s] copying /home/aa/robot_ws/build/move_turtle_pkg/build/lib/move_turtle_pkg/move_turtle.py -> /home/aa/robot_ws/install/move_turtle_pkg/lib/python3.8/site-packages/move_turtle_pkg
[0.609s] byte-compiling /home/aa/robot_ws/install/move_turtle_pkg/lib/python3.8/site-packages/move_turtle_pkg/__init__.py to __init__.cpython-38.pyc
[0.610s] byte-compiling /home/aa/robot_ws/install/move_turtle_pkg/lib/python3.8/site-packages/move_turtle_pkg/move_turtle.py to move_turtle.cpython-38.pyc
[0.610s] running install_data
[0.610s] creating /home/aa/robot_ws/install/move_turtle_pkg/share/ament_index
[0.610s] creating /home/aa/robot_ws/install/move_turtle_pkg/share/ament_index/resource_index
[0.611s] creating /home/aa/robot_ws/install/move_turtle_pkg/share/ament_index/resource_index/packages
[0.611s] copying resource/move_turtle_pkg -> /home/aa/robot_ws/install/move_turtle_pkg/share/ament_index/resource_index/packages
[0.611s] copying package.xml -> /home/aa/robot_ws/install/move_turtle_pkg/share/move_turtle_pkg
[0.611s] running install_egg_info
[0.612s] Copying ../../build/move_turtle_pkg/move_turtle_pkg.egg-info to /home/aa/robot_ws/install/move_turtle_pkg/lib/python3.8/site-packages/move_turtle_pkg-0.0.0-py3.8.egg-info
[0.612s] running install_scripts
[0.624s] Installing hp script to /home/aa/robot_ws/install/move_turtle_pkg/lib/move_turtle_pkg
[0.624s] writing list of installed files to '/home/aa/robot_ws/build/move_turtle_pkg/install.log'
[0.640s] Invoked command in '/home/aa/robot_ws/src/move_turtle_pkg' returned '0': PYTHONPATH=/home/aa/robot_ws/build/move_turtle_pkg/prefix_override:/home/aa/robot_ws/install/move_turtle_pkg/lib/python3.8/site-packages:${PYTHONPATH} /usr/bin/python3 setup.py egg_info --egg-base ../../build/move_turtle_pkg build --build-base /home/aa/robot_ws/build/move_turtle_pkg/build install --record /home/aa/robot_ws/build/move_turtle_pkg/install.log --install-scripts $base/lib/move_turtle_pkg --single-version-externally-managed
