[0.102s] DEBUG:colcon:Command line arguments: ['/usr/bin/colcon', 'build', '--symlink-install', '--packages-select', 'test_interfaces']
[0.102s] DEBUG:colcon:Parsed command line arguments: Namespace(allow_overriding=[], ament_cmake_args=None, base_paths=['.'], build_base='build', catkin_cmake_args=None, catkin_skip_building_tests=False, cmake_args=None, cmake_clean_cache=False, cmake_clean_first=False, cmake_force_configure=False, cmake_target=None, cmake_target_skip_unavailable=False, continue_on_error=False, event_handlers=None, executor='parallel', ignore_user_meta=False, install_base='install', log_base=None, log_level=None, main=<bound method BuildVerb.main of <colcon_core.verb.build.BuildVerb object at 0x7ff77eb8d160>>, merge_install=False, metas=['./colcon.meta'], packages_above=None, packages_above_and_dependencies=None, packages_above_depth=None, packages_end=None, packages_ignore=None, packages_ignore_regex=None, packages_select=['test_interfaces'], packages_select_build_failed=False, packages_select_by_dep=None, packages_select_regex=None, packages_select_test_failures=False, packages_skip=None, packages_skip_build_finished=False, packages_skip_by_dep=None, packages_skip_regex=None, packages_skip_test_passed=False, packages_skip_up_to=None, packages_start=None, packages_up_to=None, packages_up_to_regex=None, parallel_workers=8, paths=None, symlink_install=True, test_result_base=None, verb_extension=<colcon_core.verb.build.BuildVerb object at 0x7ff77eb8d160>, verb_name='build', verb_parser=<colcon_defaults.argument_parser.defaults.DefaultArgumentsDecorator object at 0x7ff77eb8d6a0>)
[0.116s] Level 1:colcon.colcon_core.package_discovery:discover_packages(colcon_meta) check parameters
[0.116s] Level 1:colcon.colcon_core.package_discovery:discover_packages(recursive) check parameters
[0.116s] Level 1:colcon.colcon_core.package_discovery:discover_packages(ignore) check parameters
[0.116s] Level 1:colcon.colcon_core.package_discovery:discover_packages(path) check parameters
[0.116s] Level 1:colcon.colcon_core.package_discovery:discover_packages(colcon_meta) discover
[0.116s] Level 1:colcon.colcon_core.package_discovery:discover_packages(recursive) discover
[0.116s] INFO:colcon.colcon_core.package_discovery:Crawling recursively for packages in '/home/aa/robot_ws'
[0.116s] Level 1:colcon.colcon_core.package_identification:_identify(.) by extensions ['ignore', 'ignore_ament_install']
[0.117s] Level 1:colcon.colcon_core.package_identification:_identify(.) by extension 'ignore'
[0.117s] Level 1:colcon.colcon_core.package_identification:_identify(.) by extension 'ignore_ament_install'
[0.117s] Level 1:colcon.colcon_core.package_identification:_identify(.) by extensions ['colcon_pkg']
[0.117s] Level 1:colcon.colcon_core.package_identification:_identify(.) by extension 'colcon_pkg'
[0.117s] Level 1:colcon.colcon_core.package_identification:_identify(.) by extensions ['colcon_meta']
[0.117s] Level 1:colcon.colcon_core.package_identification:_identify(.) by extension 'colcon_meta'
[0.117s] Level 1:colcon.colcon_core.package_identification:_identify(.) by extensions ['ros']
[0.117s] Level 1:colcon.colcon_core.package_identification:_identify(.) by extension 'ros'
[0.129s] Level 1:colcon.colcon_core.package_identification:_identify(.) by extensions ['cmake', 'python']
[0.129s] Level 1:colcon.colcon_core.package_identification:_identify(.) by extension 'cmake'
[0.129s] Level 1:colcon.colcon_core.package_identification:_identify(.) by extension 'python'
[0.129s] Level 1:colcon.colcon_core.package_identification:_identify(.) by extensions ['python_setup_py']
[0.129s] Level 1:colcon.colcon_core.package_identification:_identify(.) by extension 'python_setup_py'
[0.129s] Level 1:colcon.colcon_core.package_identification:_identify(build) by extensions ['ignore', 'ignore_ament_install']
[0.129s] Level 1:colcon.colcon_core.package_identification:_identify(build) by extension 'ignore'
[0.129s] Level 1:colcon.colcon_core.package_identification:_identify(build) ignored
[0.129s] Level 1:colcon.colcon_core.package_identification:_identify(install) by extensions ['ignore', 'ignore_ament_install']
[0.129s] Level 1:colcon.colcon_core.package_identification:_identify(install) by extension 'ignore'
[0.129s] Level 1:colcon.colcon_core.package_identification:_identify(install) ignored
[0.130s] Level 1:colcon.colcon_core.package_identification:_identify(log) by extensions ['ignore', 'ignore_ament_install']
[0.130s] Level 1:colcon.colcon_core.package_identification:_identify(log) by extension 'ignore'
[0.130s] Level 1:colcon.colcon_core.package_identification:_identify(log) ignored
[0.130s] Level 1:colcon.colcon_core.package_identification:_identify(src) by extensions ['ignore', 'ignore_ament_install']
[0.130s] Level 1:colcon.colcon_core.package_identification:_identify(src) by extension 'ignore'
[0.130s] Level 1:colcon.colcon_core.package_identification:_identify(src) by extension 'ignore_ament_install'
[0.130s] Level 1:colcon.colcon_core.package_identification:_identify(src) by extensions ['colcon_pkg']
[0.130s] Level 1:colcon.colcon_core.package_identification:_identify(src) by extension 'colcon_pkg'
[0.130s] Level 1:colcon.colcon_core.package_identification:_identify(src) by extensions ['colcon_meta']
[0.130s] Level 1:colcon.colcon_core.package_identification:_identify(src) by extension 'colcon_meta'
[0.130s] Level 1:colcon.colcon_core.package_identification:_identify(src) by extensions ['ros']
[0.130s] Level 1:colcon.colcon_core.package_identification:_identify(src) by extension 'ros'
[0.130s] Level 1:colcon.colcon_core.package_identification:_identify(src) by extensions ['cmake', 'python']
[0.130s] Level 1:colcon.colcon_core.package_identification:_identify(src) by extension 'cmake'
[0.130s] Level 1:colcon.colcon_core.package_identification:_identify(src) by extension 'python'
[0.130s] Level 1:colcon.colcon_core.package_identification:_identify(src) by extensions ['python_setup_py']
[0.130s] Level 1:colcon.colcon_core.package_identification:_identify(src) by extension 'python_setup_py'
[0.130s] Level 1:colcon.colcon_core.package_identification:_identify(src/move_turtle_pkg) by extensions ['ignore', 'ignore_ament_install']
[0.130s] Level 1:colcon.colcon_core.package_identification:_identify(src/move_turtle_pkg) by extension 'ignore'
[0.130s] Level 1:colcon.colcon_core.package_identification:_identify(src/move_turtle_pkg) by extension 'ignore_ament_install'
[0.130s] Level 1:colcon.colcon_core.package_identification:_identify(src/move_turtle_pkg) by extensions ['colcon_pkg']
[0.130s] Level 1:colcon.colcon_core.package_identification:_identify(src/move_turtle_pkg) by extension 'colcon_pkg'
[0.130s] Level 1:colcon.colcon_core.package_identification:_identify(src/move_turtle_pkg) by extensions ['colcon_meta']
[0.130s] Level 1:colcon.colcon_core.package_identification:_identify(src/move_turtle_pkg) by extension 'colcon_meta'
[0.130s] Level 1:colcon.colcon_core.package_identification:_identify(src/move_turtle_pkg) by extensions ['ros']
[0.130s] Level 1:colcon.colcon_core.package_identification:_identify(src/move_turtle_pkg) by extension 'ros'
[0.132s] DEBUG:colcon.colcon_core.package_identification:Package 'src/move_turtle_pkg' with type 'ros.ament_python' and name 'move_turtle_pkg'
[0.132s] Level 1:colcon.colcon_core.package_identification:_identify(src/test_interfaces) by extensions ['ignore', 'ignore_ament_install']
[0.132s] Level 1:colcon.colcon_core.package_identification:_identify(src/test_interfaces) by extension 'ignore'
[0.132s] Level 1:colcon.colcon_core.package_identification:_identify(src/test_interfaces) by extension 'ignore_ament_install'
[0.132s] Level 1:colcon.colcon_core.package_identification:_identify(src/test_interfaces) by extensions ['colcon_pkg']
[0.132s] Level 1:colcon.colcon_core.package_identification:_identify(src/test_interfaces) by extension 'colcon_pkg'
[0.132s] Level 1:colcon.colcon_core.package_identification:_identify(src/test_interfaces) by extensions ['colcon_meta']
[0.132s] Level 1:colcon.colcon_core.package_identification:_identify(src/test_interfaces) by extension 'colcon_meta'
[0.132s] Level 1:colcon.colcon_core.package_identification:_identify(src/test_interfaces) by extensions ['ros']
[0.132s] Level 1:colcon.colcon_core.package_identification:_identify(src/test_interfaces) by extension 'ros'
[0.133s] DEBUG:colcon.colcon_core.package_identification:Package 'src/test_interfaces' with type 'ros.ament_cmake' and name 'test_interfaces'
[0.133s] Level 1:colcon.colcon_core.package_discovery:discover_packages(recursive) using defaults
[0.133s] Level 1:colcon.colcon_core.package_discovery:discover_packages(ignore) discover
[0.133s] Level 1:colcon.colcon_core.package_discovery:discover_packages(ignore) using defaults
[0.133s] Level 1:colcon.colcon_core.package_discovery:discover_packages(path) discover
[0.133s] Level 1:colcon.colcon_core.package_discovery:discover_packages(path) using defaults
[0.147s] INFO:colcon.colcon_core.package_selection:Skipping not selected package 'move_turtle_pkg' in 'src/move_turtle_pkg'
[0.147s] Level 1:colcon.colcon_core.package_discovery:discover_packages(prefix_path) check parameters
[0.147s] Level 1:colcon.colcon_core.package_discovery:discover_packages(prefix_path) discover
[0.149s] DEBUG:colcon.colcon_installed_package_information.package_discovery:Found 2 installed packages in /home/aa/robot_ws/install
[0.151s] DEBUG:colcon.colcon_installed_package_information.package_discovery:Found 332 installed packages in /opt/ros/foxy
[0.152s] Level 1:colcon.colcon_core.package_discovery:discover_packages(prefix_path) using defaults
[0.193s] Level 5:colcon.colcon_core.verb:set package 'test_interfaces' build argument 'cmake_args' from command line to 'None'
[0.193s] Level 5:colcon.colcon_core.verb:set package 'test_interfaces' build argument 'cmake_target' from command line to 'None'
[0.193s] Level 5:colcon.colcon_core.verb:set package 'test_interfaces' build argument 'cmake_target_skip_unavailable' from command line to 'False'
[0.193s] Level 5:colcon.colcon_core.verb:set package 'test_interfaces' build argument 'cmake_clean_cache' from command line to 'False'
[0.193s] Level 5:colcon.colcon_core.verb:set package 'test_interfaces' build argument 'cmake_clean_first' from command line to 'False'
[0.193s] Level 5:colcon.colcon_core.verb:set package 'test_interfaces' build argument 'cmake_force_configure' from command line to 'False'
[0.193s] Level 5:colcon.colcon_core.verb:set package 'test_interfaces' build argument 'ament_cmake_args' from command line to 'None'
[0.193s] Level 5:colcon.colcon_core.verb:set package 'test_interfaces' build argument 'catkin_cmake_args' from command line to 'None'
[0.193s] Level 5:colcon.colcon_core.verb:set package 'test_interfaces' build argument 'catkin_skip_building_tests' from command line to 'False'
[0.193s] DEBUG:colcon.colcon_core.verb:Building package 'test_interfaces' with the following arguments: {'ament_cmake_args': None, 'build_base': '/home/aa/robot_ws/build/test_interfaces', 'catkin_cmake_args': None, 'catkin_skip_building_tests': False, 'cmake_args': None, 'cmake_clean_cache': False, 'cmake_clean_first': False, 'cmake_force_configure': False, 'cmake_target': None, 'cmake_target_skip_unavailable': False, 'install_base': '/home/aa/robot_ws/install/test_interfaces', 'merge_install': False, 'path': '/home/aa/robot_ws/src/test_interfaces', 'symlink_install': True, 'test_result_base': None}
[0.194s] INFO:colcon.colcon_core.executor:Executing jobs using 'parallel' executor
[0.199s] DEBUG:colcon.colcon_parallel_executor.executor.parallel:run_until_complete
[0.199s] INFO:colcon.colcon_ros.task.ament_cmake.build:Building ROS package in '/home/aa/robot_ws/src/test_interfaces' with build type 'ament_cmake'
[0.199s] INFO:colcon.colcon_cmake.task.cmake.build:Building CMake package in '/home/aa/robot_ws/src/test_interfaces'
[0.203s] INFO:colcon.colcon_core.plugin_system:Skipping extension 'colcon_core.shell.bat': Not used on non-Windows systems
[0.203s] INFO:colcon.colcon_core.shell:Skip shell extension 'powershell' for command environment: Not usable outside of PowerShell
[0.203s] DEBUG:colcon.colcon_core.shell:Skip shell extension 'dsv' for command environment
[0.211s] DEBUG:colcon.colcon_core.event_handler.log_command:Invoking command in '/home/aa/robot_ws/build/test_interfaces': CMAKE_PREFIX_PATH=/home/aa/robot_ws/install/move_turtle_pkg:/opt/ros/foxy /usr/bin/cmake /home/aa/robot_ws/src/test_interfaces -DAMENT_CMAKE_SYMLINK_INSTALL=1 -DCMAKE_INSTALL_PREFIX=/home/aa/robot_ws/install/test_interfaces
[1.043s] DEBUG:colcon.colcon_core.event_handler.log_command:Invoked command in '/home/aa/robot_ws/build/test_interfaces' returned '0': CMAKE_PREFIX_PATH=/home/aa/robot_ws/install/move_turtle_pkg:/opt/ros/foxy /usr/bin/cmake /home/aa/robot_ws/src/test_interfaces -DAMENT_CMAKE_SYMLINK_INSTALL=1 -DCMAKE_INSTALL_PREFIX=/home/aa/robot_ws/install/test_interfaces
[1.044s] DEBUG:colcon.colcon_core.event_handler.log_command:Invoking command in '/home/aa/robot_ws/build/test_interfaces': CMAKE_PREFIX_PATH=/home/aa/robot_ws/install/move_turtle_pkg:/opt/ros/foxy /usr/bin/cmake --build /home/aa/robot_ws/build/test_interfaces -- -j8 -l8
[3.380s] DEBUG:colcon.colcon_core.event_handler.log_command:Invoked command in '/home/aa/robot_ws/build/test_interfaces' returned '0': CMAKE_PREFIX_PATH=/home/aa/robot_ws/install/move_turtle_pkg:/opt/ros/foxy /usr/bin/cmake --build /home/aa/robot_ws/build/test_interfaces -- -j8 -l8
[3.434s] DEBUG:colcon.colcon_core.event_handler.log_command:Invoking command in '/home/aa/robot_ws/build/test_interfaces': CMAKE_PREFIX_PATH=/home/aa/robot_ws/install/move_turtle_pkg:/opt/ros/foxy /usr/bin/cmake --install /home/aa/robot_ws/build/test_interfaces
[3.965s] Level 1:colcon.colcon_core.environment:create_environment_scripts_only(test_interfaces)
[3.966s] DEBUG:colcon.colcon_core.event_handler.log_command:Invoked command in '/home/aa/robot_ws/build/test_interfaces' returned '0': CMAKE_PREFIX_PATH=/home/aa/robot_ws/install/move_turtle_pkg:/opt/ros/foxy /usr/bin/cmake --install /home/aa/robot_ws/build/test_interfaces
[3.972s] Level 1:colcon.colcon_core.environment:checking '/home/aa/robot_ws/install/test_interfaces' for CMake module files
[3.973s] Level 1:colcon.colcon_core.environment:checking '/home/aa/robot_ws/install/test_interfaces' for CMake config files
[3.973s] Level 1:colcon.colcon_core.shell:create_environment_hook('test_interfaces', 'cmake_prefix_path')
[3.976s] INFO:colcon.colcon_core.shell:Creating environment hook '/home/aa/robot_ws/install/test_interfaces/share/test_interfaces/hook/cmake_prefix_path.ps1'
[3.977s] INFO:colcon.colcon_core.shell:Creating environment descriptor '/home/aa/robot_ws/install/test_interfaces/share/test_interfaces/hook/cmake_prefix_path.dsv'
[3.977s] INFO:colcon.colcon_core.shell:Creating environment hook '/home/aa/robot_ws/install/test_interfaces/share/test_interfaces/hook/cmake_prefix_path.sh'
[3.978s] Level 1:colcon.colcon_core.environment:checking '/home/aa/robot_ws/install/test_interfaces/lib'
[3.978s] Level 1:colcon.colcon_core.shell:create_environment_hook('test_interfaces', 'ld_library_path_lib')
[3.981s] INFO:colcon.colcon_core.shell:Creating environment hook '/home/aa/robot_ws/install/test_interfaces/share/test_interfaces/hook/ld_library_path_lib.ps1'
[3.981s] INFO:colcon.colcon_core.shell:Creating environment descriptor '/home/aa/robot_ws/install/test_interfaces/share/test_interfaces/hook/ld_library_path_lib.dsv'
[3.981s] INFO:colcon.colcon_core.shell:Creating environment hook '/home/aa/robot_ws/install/test_interfaces/share/test_interfaces/hook/ld_library_path_lib.sh'
[3.982s] Level 1:colcon.colcon_core.environment:checking '/home/aa/robot_ws/install/test_interfaces/bin'
[3.982s] Level 1:colcon.colcon_core.environment:checking '/home/aa/robot_ws/install/test_interfaces/lib/pkgconfig/test_interfaces.pc'
[3.982s] Level 1:colcon.colcon_core.environment:checking '/home/aa/robot_ws/install/test_interfaces/lib/python3.8/site-packages'
[3.982s] Level 1:colcon.colcon_core.shell:create_environment_hook('test_interfaces', 'pythonpath')
[3.985s] INFO:colcon.colcon_core.shell:Creating environment hook '/home/aa/robot_ws/install/test_interfaces/share/test_interfaces/hook/pythonpath.ps1'
[3.985s] INFO:colcon.colcon_core.shell:Creating environment descriptor '/home/aa/robot_ws/install/test_interfaces/share/test_interfaces/hook/pythonpath.dsv'
[3.985s] INFO:colcon.colcon_core.shell:Creating environment hook '/home/aa/robot_ws/install/test_interfaces/share/test_interfaces/hook/pythonpath.sh'
[3.986s] Level 1:colcon.colcon_core.environment:checking '/home/aa/robot_ws/install/test_interfaces/bin'
[3.988s] INFO:colcon.colcon_core.shell:Creating package script '/home/aa/robot_ws/install/test_interfaces/share/test_interfaces/package.ps1'
[3.988s] INFO:colcon.colcon_core.shell:Creating package descriptor '/home/aa/robot_ws/install/test_interfaces/share/test_interfaces/package.dsv'
[3.989s] INFO:colcon.colcon_core.shell:Creating package script '/home/aa/robot_ws/install/test_interfaces/share/test_interfaces/package.sh'
[3.989s] INFO:colcon.colcon_core.shell:Creating package script '/home/aa/robot_ws/install/test_interfaces/share/test_interfaces/package.bash'
[3.989s] INFO:colcon.colcon_core.shell:Creating package script '/home/aa/robot_ws/install/test_interfaces/share/test_interfaces/package.zsh'
[3.990s] Level 1:colcon.colcon_core.environment:create_file_with_runtime_dependencies(/home/aa/robot_ws/install/test_interfaces/share/colcon-core/packages/test_interfaces)
[4.039s] Level 1:colcon.colcon_core.environment:create_environment_scripts_only(test_interfaces)
[4.043s] Level 1:colcon.colcon_core.environment:checking '/home/aa/robot_ws/install/test_interfaces' for CMake module files
[4.044s] Level 1:colcon.colcon_core.environment:checking '/home/aa/robot_ws/install/test_interfaces' for CMake config files
[4.044s] Level 1:colcon.colcon_core.shell:create_environment_hook('test_interfaces', 'cmake_prefix_path')
[4.047s] INFO:colcon.colcon_core.shell:Creating environment hook '/home/aa/robot_ws/install/test_interfaces/share/test_interfaces/hook/cmake_prefix_path.ps1'
[4.048s] INFO:colcon.colcon_core.shell:Creating environment descriptor '/home/aa/robot_ws/install/test_interfaces/share/test_interfaces/hook/cmake_prefix_path.dsv'
[4.048s] INFO:colcon.colcon_core.shell:Creating environment hook '/home/aa/robot_ws/install/test_interfaces/share/test_interfaces/hook/cmake_prefix_path.sh'
[4.049s] Level 1:colcon.colcon_core.environment:checking '/home/aa/robot_ws/install/test_interfaces/lib'
[4.049s] Level 1:colcon.colcon_core.shell:create_environment_hook('test_interfaces', 'ld_library_path_lib')
[4.051s] INFO:colcon.colcon_core.shell:Creating environment hook '/home/aa/robot_ws/install/test_interfaces/share/test_interfaces/hook/ld_library_path_lib.ps1'
[4.052s] INFO:colcon.colcon_core.shell:Creating environment descriptor '/home/aa/robot_ws/install/test_interfaces/share/test_interfaces/hook/ld_library_path_lib.dsv'
[4.052s] INFO:colcon.colcon_core.shell:Creating environment hook '/home/aa/robot_ws/install/test_interfaces/share/test_interfaces/hook/ld_library_path_lib.sh'
[4.052s] Level 1:colcon.colcon_core.environment:checking '/home/aa/robot_ws/install/test_interfaces/bin'
[4.052s] Level 1:colcon.colcon_core.environment:checking '/home/aa/robot_ws/install/test_interfaces/lib/pkgconfig/test_interfaces.pc'
[4.053s] Level 1:colcon.colcon_core.environment:checking '/home/aa/robot_ws/install/test_interfaces/lib/python3.8/site-packages'
[4.053s] Level 1:colcon.colcon_core.shell:create_environment_hook('test_interfaces', 'pythonpath')
[4.055s] INFO:colcon.colcon_core.shell:Creating environment hook '/home/aa/robot_ws/install/test_interfaces/share/test_interfaces/hook/pythonpath.ps1'
[4.056s] INFO:colcon.colcon_core.shell:Creating environment descriptor '/home/aa/robot_ws/install/test_interfaces/share/test_interfaces/hook/pythonpath.dsv'
[4.056s] INFO:colcon.colcon_core.shell:Creating environment hook '/home/aa/robot_ws/install/test_interfaces/share/test_interfaces/hook/pythonpath.sh'
[4.056s] Level 1:colcon.colcon_core.environment:checking '/home/aa/robot_ws/install/test_interfaces/bin'
[4.059s] INFO:colcon.colcon_core.shell:Creating package script '/home/aa/robot_ws/install/test_interfaces/share/test_interfaces/package.ps1'
[4.060s] INFO:colcon.colcon_core.shell:Creating package descriptor '/home/aa/robot_ws/install/test_interfaces/share/test_interfaces/package.dsv'
[4.060s] INFO:colcon.colcon_core.shell:Creating package script '/home/aa/robot_ws/install/test_interfaces/share/test_interfaces/package.sh'
[4.060s] INFO:colcon.colcon_core.shell:Creating package script '/home/aa/robot_ws/install/test_interfaces/share/test_interfaces/package.bash'
[4.060s] INFO:colcon.colcon_core.shell:Creating package script '/home/aa/robot_ws/install/test_interfaces/share/test_interfaces/package.zsh'
[4.061s] Level 1:colcon.colcon_core.environment:create_file_with_runtime_dependencies(/home/aa/robot_ws/install/test_interfaces/share/colcon-core/packages/test_interfaces)
[4.061s] DEBUG:colcon.colcon_parallel_executor.executor.parallel:closing loop
[4.061s] DEBUG:colcon.colcon_parallel_executor.executor.parallel:loop closed
[4.061s] DEBUG:colcon.colcon_parallel_executor.executor.parallel:run_until_complete finished with '0'
[4.061s] DEBUG:colcon.colcon_core.event_reactor:joining thread
[4.070s] INFO:colcon.colcon_core.plugin_system:Skipping extension 'colcon_notification.desktop_notification.terminal_notifier': Not used on non-Darwin systems
[4.070s] INFO:colcon.colcon_core.plugin_system:Skipping extension 'colcon_notification.desktop_notification.win32': Not used on non-Windows systems
[4.070s] INFO:colcon.colcon_notification.desktop_notification:Sending desktop notification using 'notify2'
[4.081s] DEBUG:colcon.colcon_core.event_reactor:joined thread
[4.083s] INFO:colcon.colcon_core.shell:Creating prefix script '/home/aa/robot_ws/install/local_setup.ps1'
[4.084s] INFO:colcon.colcon_core.shell:Creating prefix util module '/home/aa/robot_ws/install/_local_setup_util_ps1.py'
[4.086s] INFO:colcon.colcon_core.shell:Creating prefix chain script '/home/aa/robot_ws/install/setup.ps1'
[4.087s] INFO:colcon.colcon_core.shell:Creating prefix script '/home/aa/robot_ws/install/local_setup.sh'
[4.087s] INFO:colcon.colcon_core.shell:Creating prefix util module '/home/aa/robot_ws/install/_local_setup_util_sh.py'
[4.088s] INFO:colcon.colcon_core.shell:Creating prefix chain script '/home/aa/robot_ws/install/setup.sh'
[4.089s] INFO:colcon.colcon_core.shell:Creating prefix script '/home/aa/robot_ws/install/local_setup.bash'
[4.089s] INFO:colcon.colcon_core.shell:Creating prefix chain script '/home/aa/robot_ws/install/setup.bash'
[4.090s] INFO:colcon.colcon_core.shell:Creating prefix script '/home/aa/robot_ws/install/local_setup.zsh'
[4.090s] INFO:colcon.colcon_core.shell:Creating prefix chain script '/home/aa/robot_ws/install/setup.zsh'
