[1.171s] Invoking command in '/home/user/robot_ws/build/m_pubsub': PYTHONPATH=/home/user/robot_ws/build/m_pubsub/prefix_override:/home/user/robot_ws/install/m_pubsub/lib/python3.8/site-packages:${PYTHONPATH} /usr/bin/python3 setup.py develop --editable --build-directory /home/user/robot_ws/build/m_pubsub/build --no-deps install_data
[1.711s] running develop
[1.928s] running egg_info
[1.929s] creating m_pubsub.egg-info
[1.929s] writing m_pubsub.egg-info/PKG-INFO
[1.930s] writing dependency_links to m_pubsub.egg-info/dependency_links.txt
[1.930s] writing entry points to m_pubsub.egg-info/entry_points.txt
[1.931s] writing requirements to m_pubsub.egg-info/requires.txt
[1.931s] writing top-level names to m_pubsub.egg-info/top_level.txt
[1.932s] writing manifest file 'm_pubsub.egg-info/SOURCES.txt'
[2.005s] reading manifest file 'm_pubsub.egg-info/SOURCES.txt'
[2.006s] writing manifest file 'm_pubsub.egg-info/SOURCES.txt'
[2.122s] running build_ext
[2.131s] Creating /home/user/robot_ws/install/m_pubsub/lib/python3.8/site-packages/site.py
[2.133s] Creating /home/user/robot_ws/install/m_pubsub/lib/python3.8/site-packages/m-pubsub.egg-link (link to .)
[2.134s] Installing met script to /home/user/robot_ws/install/m_pubsub/lib/m_pubsub
[2.135s] Installing metp script to /home/user/robot_ws/install/m_pubsub/lib/m_pubsub
[2.135s] Installing mp script to /home/user/robot_ws/install/m_pubsub/lib/m_pubsub
[2.135s] Installing ms script to /home/user/robot_ws/install/m_pubsub/lib/m_pubsub
[2.136s] Installing mt script to /home/user/robot_ws/install/m_pubsub/lib/m_pubsub
[2.136s] 
[2.137s] Installed /home/user/robot_ws/build/m_pubsub
[2.139s] running install_data
[2.140s] creating /home/user/robot_ws/install/m_pubsub/share/ament_index
[2.140s] creating /home/user/robot_ws/install/m_pubsub/share/ament_index/resource_index
[2.140s] creating /home/user/robot_ws/install/m_pubsub/share/ament_index/resource_index/packages
[2.141s] copying resource/m_pubsub -> /home/user/robot_ws/install/m_pubsub/share/ament_index/resource_index/packages
[2.141s] copying package.xml -> /home/user/robot_ws/install/m_pubsub/share/m_pubsub
[2.222s] Invoked command in '/home/user/robot_ws/build/m_pubsub' returned '0': PYTHONPATH=/home/user/robot_ws/build/m_pubsub/prefix_override:/home/user/robot_ws/install/m_pubsub/lib/python3.8/site-packages:${PYTHONPATH} /usr/bin/python3 setup.py develop --editable --build-directory /home/user/robot_ws/build/m_pubsub/build --no-deps install_data
