[1.208s] Invoking command in '/home/aa/robot_ws/build/m_pubsub': PYTHONPATH=/home/aa/robot_ws/build/m_pubsub/prefix_override:/home/aa/robot_ws/install/m_pubsub/lib/python3.8/site-packages:${PYTHONPATH} /usr/bin/python3 setup.py develop --editable --build-directory /home/aa/robot_ws/build/m_pubsub/build --no-deps install_data
[1.522s] running develop
[1.739s] running egg_info
[1.739s] writing m_pubsub.egg-info/PKG-INFO
[1.740s] writing dependency_links to m_pubsub.egg-info/dependency_links.txt
[1.741s] writing entry points to m_pubsub.egg-info/entry_points.txt
[1.741s] writing requirements to m_pubsub.egg-info/requires.txt
[1.742s] writing top-level names to m_pubsub.egg-info/top_level.txt
[1.782s] reading manifest file 'm_pubsub.egg-info/SOURCES.txt'
[1.784s] writing manifest file 'm_pubsub.egg-info/SOURCES.txt'
[1.830s] running build_ext
[1.831s] Creating /home/aa/robot_ws/install/m_pubsub/lib/python3.8/site-packages/m-pubsub.egg-link (link to .)
[1.833s] Installing met script to /home/aa/robot_ws/install/m_pubsub/lib/m_pubsub
[1.834s] Installing metp script to /home/aa/robot_ws/install/m_pubsub/lib/m_pubsub
[1.835s] Installing mp script to /home/aa/robot_ws/install/m_pubsub/lib/m_pubsub
[1.836s] Installing ms script to /home/aa/robot_ws/install/m_pubsub/lib/m_pubsub
[1.836s] Installing mt script to /home/aa/robot_ws/install/m_pubsub/lib/m_pubsub
[1.837s] 
[1.837s] Installed /home/aa/robot_ws/build/m_pubsub
[1.838s] running install_data
[1.868s] Invoked command in '/home/aa/robot_ws/build/m_pubsub' returned '0': PYTHONPATH=/home/aa/robot_ws/build/m_pubsub/prefix_override:/home/aa/robot_ws/install/m_pubsub/lib/python3.8/site-packages:${PYTHONPATH} /usr/bin/python3 setup.py develop --editable --build-directory /home/aa/robot_ws/build/m_pubsub/build --no-deps install_data
