[0.000000] (-) TimerEvent: {}
[0.000160] (m_pubsub) JobQueued: {'identifier': 'm_pubsub', 'dependencies': OrderedDict()}
[0.000212] (move_turtle_pkg) JobQueued: {'identifier': 'move_turtle_pkg', 'dependencies': OrderedDict()}
[0.000235] (move_turtle_pkgA) JobQueued: {'identifier': 'move_turtle_pkgA', 'dependencies': OrderedDict()}
[0.000273] (test_interfaces) JobQueued: {'identifier': 'test_interfaces', 'dependencies': OrderedDict()}
[0.000312] (test_num) JobQueued: {'identifier': 'test_num', 'dependencies': OrderedDict()}
[0.000351] (m_pubsub) JobStarted: {'identifier': 'm_pubsub'}
[0.041668] (move_turtle_pkg) JobStarted: {'identifier': 'move_turtle_pkg'}
[0.099622] (-) TimerEvent: {}
[0.200688] (-) TimerEvent: {}
[0.301422] (-) TimerEvent: {}
[0.402268] (-) TimerEvent: {}
[0.503913] (-) TimerEvent: {}
[0.604693] (-) TimerEvent: {}
[0.705339] (-) TimerEvent: {}
[0.782580] (move_turtle_pkg) StderrLine: {'line': b'Traceback (most recent call last):\n  File "/usr/lib/python3/dist-packages/colcon_core/executor/__init__.py", line 91, in __call__\n    rc = await self.task(*args, **kwargs)\n  File "/usr/lib/python3/dist-packages/colcon_core/task/__init__.py", line 93, in __call__\n    return await task_method(*args, **kwargs)\n  File "/usr/lib/python3/dist-packages/colcon_ros/task/ament_python/build.py", line 51, in build\n    setup_py_data = get_setup_data(self.context.pkg, env)\n  File "/usr/lib/python3/dist-packages/colcon_core/task/python/__init__.py", line 20, in get_setup_data\n    return dict(pkg.metadata[key](env))\n  File "/usr/lib/python3/dist-packages/colcon_ros/package_augmentation/ros_ament_python.py", line 57, in getter\n    return get_setup_information(\n  File "/usr/lib/python3/dist-packages/colcon_python_setup_py/package_identification/python_setup_py.py", line 241, in get_setup_information\n    _setup_information_cache[hashable_env] = _get_setup_information(\n  File "/usr/lib/python3/dist-packages/colcon_python_setup_py/package_identification/python_setup_py.py", line 281, in _get_setup_information\n    result = subprocess.run(\n  File "/usr/lib/python3.8/subprocess.py", line 516, in run\n    raise CalledProcessError(retcode, process.args,\nsubprocess.CalledProcessError: Command \'[\'/usr/bin/python3\', \'-c\', "import sys;from setuptools.extern.packaging.specifiers import SpecifierSet;from distutils.core import run_setup;dist = run_setup(    \'setup.py\', script_args=(\'--dry-run\',), stop_after=\'config\');skip_keys = (\'cmdclass\', \'distclass\', \'ext_modules\', \'metadata\');data = {    key: value for key, value in dist.__dict__.items()     if (        not key.startswith(\'_\') and         not callable(value) and         key not in skip_keys and         key not in dist.display_option_names    )};data[\'metadata\'] = {    k: v for k, v in dist.metadata.__dict__.items()     if k not in (\'license_files\', \'provides_extras\')};sys.stdout.buffer.write(repr(data).encode(\'utf-8\'))"]\' returned non-zero exit status 1.\n'}
[0.784277] (move_turtle_pkg) JobEnded: {'identifier': 'move_turtle_pkg', 'rc': 1}
[0.784972] (m_pubsub) JobEnded: {'identifier': 'm_pubsub', 'rc': 'SIGINT'}
[0.795053] (move_turtle_pkgA) JobSkipped: {'identifier': 'move_turtle_pkgA'}
[0.795121] (test_interfaces) JobSkipped: {'identifier': 'test_interfaces'}
[0.795166] (test_num) JobSkipped: {'identifier': 'test_num'}
[0.795206] (-) EventReactorShutdown: {}
